2020-05-26 00:44:37 INFO     Model: RotatE
2020-05-26 00:44:37 INFO     Data Path: data/kinship
2020-05-26 00:44:37 INFO     #entity: 104
2020-05-26 00:44:37 INFO     #relation: 25
2020-05-26 00:44:37 INFO     #train: 3206
2020-05-26 00:44:37 INFO     #valid: 2137
2020-05-26 00:44:37 INFO     #test: 5343
2020-05-26 00:44:37 INFO     Model Parameter Configuration:
2020-05-26 00:44:37 INFO     Parameter gamma: torch.Size([1]), require_grad = False
2020-05-26 00:44:37 INFO     Parameter embedding_range: torch.Size([1]), require_grad = False
2020-05-26 00:44:37 INFO     Parameter entity_embedding: torch.Size([104, 400]), require_grad = True
2020-05-26 00:44:37 INFO     Parameter relation_embedding: torch.Size([25, 200]), require_grad = True
2020-05-26 00:44:41 INFO     Ramdomly Initializing RotatE Model...
2020-05-26 00:44:41 INFO     Start Training...
2020-05-26 00:44:41 INFO     init_step = 0
2020-05-26 00:44:41 INFO     batch_size = 128
2020-05-26 00:44:41 INFO     negative_adversarial_sampling = 1
2020-05-26 00:44:41 INFO     hidden_dim = 200
2020-05-26 00:44:41 INFO     gamma = 12.000000
2020-05-26 00:44:41 INFO     negative_adversarial_sampling = True
2020-05-26 00:44:41 INFO     adversarial_temperature = 0.250000
2020-05-26 00:44:41 INFO     learning_rate = 0
2020-05-26 00:44:41 INFO     Training average positive_sample_loss at step 0: 2.680897
2020-05-26 00:44:41 INFO     Training average negative_sample_loss at step 0: 0.083946
2020-05-26 00:44:41 INFO     Training average loss at step 0: 1.382421
2020-05-26 00:44:41 INFO     Evaluating on Valid Dataset...
2020-05-26 00:44:41 INFO     Evaluating the model... (0/268)
2020-05-26 00:44:42 INFO     Valid MRR at step 0: 0.049037
2020-05-26 00:44:42 INFO     Valid MR at step 0: 48.981750
2020-05-26 00:44:42 INFO     Valid HITS@1 at step 0: 0.005849
2020-05-26 00:44:42 INFO     Valid HITS@3 at step 0: 0.026673
2020-05-26 00:44:42 INFO     Valid HITS@10 at step 0: 0.101544
2020-05-26 00:44:44 INFO     Training average positive_sample_loss at step 100: 1.785063
2020-05-26 00:44:44 INFO     Training average negative_sample_loss at step 100: 0.229408
2020-05-26 00:44:44 INFO     Training average loss at step 100: 1.007235
2020-05-26 00:44:47 INFO     Training average positive_sample_loss at step 200: 0.878633
2020-05-26 00:44:47 INFO     Training average negative_sample_loss at step 200: 0.545942
2020-05-26 00:44:47 INFO     Training average loss at step 200: 0.712287
2020-05-26 00:44:49 INFO     Training average positive_sample_loss at step 300: 0.690241
2020-05-26 00:44:49 INFO     Training average negative_sample_loss at step 300: 0.656667
2020-05-26 00:44:49 INFO     Training average loss at step 300: 0.673454
2020-05-26 00:44:52 INFO     Training average positive_sample_loss at step 400: 0.654990
2020-05-26 00:44:52 INFO     Training average negative_sample_loss at step 400: 0.655114
2020-05-26 00:44:52 INFO     Training average loss at step 400: 0.655052
2020-05-26 00:44:54 INFO     Training average positive_sample_loss at step 500: 0.637864
2020-05-26 00:44:54 INFO     Training average negative_sample_loss at step 500: 0.636477
2020-05-26 00:44:54 INFO     Training average loss at step 500: 0.637171
2020-05-26 00:44:57 INFO     Training average positive_sample_loss at step 600: 0.622920
2020-05-26 00:44:57 INFO     Training average negative_sample_loss at step 600: 0.618085
2020-05-26 00:44:57 INFO     Training average loss at step 600: 0.620502
2020-05-26 00:44:59 INFO     Training average positive_sample_loss at step 700: 0.609718
2020-05-26 00:44:59 INFO     Training average negative_sample_loss at step 700: 0.599378
2020-05-26 00:44:59 INFO     Training average loss at step 700: 0.604548
2020-05-26 00:45:02 INFO     Training average positive_sample_loss at step 800: 0.592948
2020-05-26 00:45:02 INFO     Training average negative_sample_loss at step 800: 0.580574
2020-05-26 00:45:02 INFO     Training average loss at step 800: 0.586761
2020-05-26 00:45:04 INFO     Training average positive_sample_loss at step 900: 0.582815
2020-05-26 00:45:04 INFO     Training average negative_sample_loss at step 900: 0.563814
2020-05-26 00:45:04 INFO     Training average loss at step 900: 0.573314
2020-05-26 00:45:07 INFO     Training average positive_sample_loss at step 1000: 0.566918
2020-05-26 00:45:07 INFO     Training average negative_sample_loss at step 1000: 0.548001
2020-05-26 00:45:07 INFO     Training average loss at step 1000: 0.557460
2020-05-26 00:45:09 INFO     Training average positive_sample_loss at step 1100: 0.556284
2020-05-26 00:45:09 INFO     Training average negative_sample_loss at step 1100: 0.531511
2020-05-26 00:45:09 INFO     Training average loss at step 1100: 0.543898
2020-05-26 00:45:12 INFO     Training average positive_sample_loss at step 1200: 0.542834
2020-05-26 00:45:12 INFO     Training average negative_sample_loss at step 1200: 0.516101
2020-05-26 00:45:12 INFO     Training average loss at step 1200: 0.529468
2020-05-26 00:45:14 INFO     Training average positive_sample_loss at step 1300: 0.530832
2020-05-26 00:45:14 INFO     Training average negative_sample_loss at step 1300: 0.501415
2020-05-26 00:45:14 INFO     Training average loss at step 1300: 0.516124
2020-05-26 00:45:16 INFO     Training average positive_sample_loss at step 1400: 0.514435
2020-05-26 00:45:16 INFO     Training average negative_sample_loss at step 1400: 0.486739
2020-05-26 00:45:16 INFO     Training average loss at step 1400: 0.500587
2020-05-26 00:45:18 INFO     Training average positive_sample_loss at step 1500: 0.501101
2020-05-26 00:45:18 INFO     Training average negative_sample_loss at step 1500: 0.470704
2020-05-26 00:45:18 INFO     Training average loss at step 1500: 0.485903
2020-05-26 00:45:21 INFO     Training average positive_sample_loss at step 1600: 0.486803
2020-05-26 00:45:21 INFO     Training average negative_sample_loss at step 1600: 0.454848
2020-05-26 00:45:21 INFO     Training average loss at step 1600: 0.470825
2020-05-26 00:45:23 INFO     Training average positive_sample_loss at step 1700: 0.473007
2020-05-26 00:45:23 INFO     Training average negative_sample_loss at step 1700: 0.440183
2020-05-26 00:45:23 INFO     Training average loss at step 1700: 0.456595
2020-05-26 00:45:26 INFO     Training average positive_sample_loss at step 1800: 0.457184
2020-05-26 00:45:26 INFO     Training average negative_sample_loss at step 1800: 0.425134
2020-05-26 00:45:26 INFO     Training average loss at step 1800: 0.441159
2020-05-26 00:45:28 INFO     Training average positive_sample_loss at step 1900: 0.442228
2020-05-26 00:45:28 INFO     Training average negative_sample_loss at step 1900: 0.410167
2020-05-26 00:45:28 INFO     Training average loss at step 1900: 0.426197
2020-05-26 00:45:31 INFO     Training average positive_sample_loss at step 2000: 0.426819
2020-05-26 00:45:31 INFO     Training average negative_sample_loss at step 2000: 0.395641
2020-05-26 00:45:31 INFO     Training average loss at step 2000: 0.411230
2020-05-26 00:45:33 INFO     Training average positive_sample_loss at step 2100: 0.411218
2020-05-26 00:45:33 INFO     Training average negative_sample_loss at step 2100: 0.381663
2020-05-26 00:45:33 INFO     Training average loss at step 2100: 0.396441
2020-05-26 00:45:35 INFO     Training average positive_sample_loss at step 2200: 0.398263
2020-05-26 00:45:35 INFO     Training average negative_sample_loss at step 2200: 0.368635
2020-05-26 00:45:35 INFO     Training average loss at step 2200: 0.383449
2020-05-26 00:45:38 INFO     Training average positive_sample_loss at step 2300: 0.381854
2020-05-26 00:45:38 INFO     Training average negative_sample_loss at step 2300: 0.356664
2020-05-26 00:45:38 INFO     Training average loss at step 2300: 0.369259
2020-05-26 00:45:40 INFO     Training average positive_sample_loss at step 2400: 0.369765
2020-05-26 00:45:40 INFO     Training average negative_sample_loss at step 2400: 0.344958
2020-05-26 00:45:40 INFO     Training average loss at step 2400: 0.357362
2020-05-26 00:45:42 INFO     Training average positive_sample_loss at step 2500: 0.355717
2020-05-26 00:45:42 INFO     Training average negative_sample_loss at step 2500: 0.334200
2020-05-26 00:45:42 INFO     Training average loss at step 2500: 0.344958
2020-05-26 00:45:44 INFO     Training average positive_sample_loss at step 2600: 0.344203
2020-05-26 00:45:44 INFO     Training average negative_sample_loss at step 2600: 0.324097
2020-05-26 00:45:44 INFO     Training average loss at step 2600: 0.334150
2020-05-26 00:45:47 INFO     Training average positive_sample_loss at step 2700: 0.332503
2020-05-26 00:45:47 INFO     Training average negative_sample_loss at step 2700: 0.316431
2020-05-26 00:45:47 INFO     Training average loss at step 2700: 0.324467
2020-05-26 00:45:49 INFO     Training average positive_sample_loss at step 2800: 0.323223
2020-05-26 00:45:49 INFO     Training average negative_sample_loss at step 2800: 0.308826
2020-05-26 00:45:49 INFO     Training average loss at step 2800: 0.316025
2020-05-26 00:45:52 INFO     Training average positive_sample_loss at step 2900: 0.314235
2020-05-26 00:45:52 INFO     Training average negative_sample_loss at step 2900: 0.302126
2020-05-26 00:45:52 INFO     Training average loss at step 2900: 0.308180
2020-05-26 00:45:54 INFO     Training average positive_sample_loss at step 3000: 0.305625
2020-05-26 00:45:54 INFO     Training average negative_sample_loss at step 3000: 0.295907
2020-05-26 00:45:54 INFO     Training average loss at step 3000: 0.300766
2020-05-26 00:45:56 INFO     Training average positive_sample_loss at step 3100: 0.298757
2020-05-26 00:45:56 INFO     Training average negative_sample_loss at step 3100: 0.290971
2020-05-26 00:45:56 INFO     Training average loss at step 3100: 0.294864
2020-05-26 00:45:59 INFO     Training average positive_sample_loss at step 3200: 0.291312
2020-05-26 00:45:59 INFO     Training average negative_sample_loss at step 3200: 0.284711
2020-05-26 00:45:59 INFO     Training average loss at step 3200: 0.288012
2020-05-26 00:46:01 INFO     Training average positive_sample_loss at step 3300: 0.286731
2020-05-26 00:46:01 INFO     Training average negative_sample_loss at step 3300: 0.281413
2020-05-26 00:46:01 INFO     Training average loss at step 3300: 0.284072
2020-05-26 00:46:04 INFO     Training average positive_sample_loss at step 3400: 0.281477
2020-05-26 00:46:04 INFO     Training average negative_sample_loss at step 3400: 0.277301
2020-05-26 00:46:04 INFO     Training average loss at step 3400: 0.279389
2020-05-26 00:46:06 INFO     Training average positive_sample_loss at step 3500: 0.277729
2020-05-26 00:46:06 INFO     Training average negative_sample_loss at step 3500: 0.274532
2020-05-26 00:46:06 INFO     Training average loss at step 3500: 0.276130
2020-05-26 00:46:09 INFO     Training average positive_sample_loss at step 3600: 0.273385
2020-05-26 00:46:09 INFO     Training average negative_sample_loss at step 3600: 0.270751
2020-05-26 00:46:09 INFO     Training average loss at step 3600: 0.272068
2020-05-26 00:46:11 INFO     Training average positive_sample_loss at step 3700: 0.270245
2020-05-26 00:46:11 INFO     Training average negative_sample_loss at step 3700: 0.268404
2020-05-26 00:46:11 INFO     Training average loss at step 3700: 0.269325
2020-05-26 00:46:14 INFO     Training average positive_sample_loss at step 3800: 0.267124
2020-05-26 00:46:14 INFO     Training average negative_sample_loss at step 3800: 0.265669
2020-05-26 00:46:14 INFO     Training average loss at step 3800: 0.266397
2020-05-26 00:46:16 INFO     Training average positive_sample_loss at step 3900: 0.264236
2020-05-26 00:46:16 INFO     Training average negative_sample_loss at step 3900: 0.262701
2020-05-26 00:46:16 INFO     Training average loss at step 3900: 0.263468
2020-05-26 00:46:18 INFO     Training average positive_sample_loss at step 4000: 0.261929
2020-05-26 00:46:18 INFO     Training average negative_sample_loss at step 4000: 0.260512
2020-05-26 00:46:18 INFO     Training average loss at step 4000: 0.261220
2020-05-26 00:46:21 INFO     Training average positive_sample_loss at step 4100: 0.259167
2020-05-26 00:46:21 INFO     Training average negative_sample_loss at step 4100: 0.258434
2020-05-26 00:46:21 INFO     Training average loss at step 4100: 0.258801
2020-05-26 00:46:23 INFO     Training average positive_sample_loss at step 4200: 0.255302
2020-05-26 00:46:23 INFO     Training average negative_sample_loss at step 4200: 0.256206
2020-05-26 00:46:23 INFO     Training average loss at step 4200: 0.255754
2020-05-26 00:46:25 INFO     Training average positive_sample_loss at step 4300: 0.255847
2020-05-26 00:46:25 INFO     Training average negative_sample_loss at step 4300: 0.254372
2020-05-26 00:46:25 INFO     Training average loss at step 4300: 0.255110
2020-05-26 00:46:28 INFO     Training average positive_sample_loss at step 4400: 0.252784
2020-05-26 00:46:28 INFO     Training average negative_sample_loss at step 4400: 0.252066
2020-05-26 00:46:28 INFO     Training average loss at step 4400: 0.252425
2020-05-26 00:46:30 INFO     Training average positive_sample_loss at step 4500: 0.249905
2020-05-26 00:46:30 INFO     Training average negative_sample_loss at step 4500: 0.250179
2020-05-26 00:46:30 INFO     Training average loss at step 4500: 0.250042
2020-05-26 00:46:33 INFO     Training average positive_sample_loss at step 4600: 0.248436
2020-05-26 00:46:33 INFO     Training average negative_sample_loss at step 4600: 0.248974
2020-05-26 00:46:33 INFO     Training average loss at step 4600: 0.248705
2020-05-26 00:46:35 INFO     Training average positive_sample_loss at step 4700: 0.246961
2020-05-26 00:46:35 INFO     Training average negative_sample_loss at step 4700: 0.246694
2020-05-26 00:46:35 INFO     Training average loss at step 4700: 0.246828
2020-05-26 00:46:38 INFO     Training average positive_sample_loss at step 4800: 0.247879
2020-05-26 00:46:38 INFO     Training average negative_sample_loss at step 4800: 0.246494
2020-05-26 00:46:38 INFO     Training average loss at step 4800: 0.247187
2020-05-26 00:46:40 INFO     Training average positive_sample_loss at step 4900: 0.243132
2020-05-26 00:46:40 INFO     Training average negative_sample_loss at step 4900: 0.243885
2020-05-26 00:46:40 INFO     Training average loss at step 4900: 0.243508
2020-05-26 00:46:43 INFO     Change learning_rate to 0.000010 at step 5000
2020-05-26 00:46:43 INFO     Training average positive_sample_loss at step 5000: 0.244165
2020-05-26 00:46:43 INFO     Training average negative_sample_loss at step 5000: 0.242589
2020-05-26 00:46:43 INFO     Training average loss at step 5000: 0.243377
2020-05-26 00:46:45 INFO     Training average positive_sample_loss at step 5100: 0.240959
2020-05-26 00:46:45 INFO     Training average negative_sample_loss at step 5100: 0.241149
2020-05-26 00:46:45 INFO     Training average loss at step 5100: 0.241054
2020-05-26 00:46:47 INFO     Training average positive_sample_loss at step 5200: 0.240578
2020-05-26 00:46:47 INFO     Training average negative_sample_loss at step 5200: 0.240823
2020-05-26 00:46:47 INFO     Training average loss at step 5200: 0.240701
2020-05-26 00:46:49 INFO     Training average positive_sample_loss at step 5300: 0.240266
2020-05-26 00:46:49 INFO     Training average negative_sample_loss at step 5300: 0.239942
2020-05-26 00:46:49 INFO     Training average loss at step 5300: 0.240104
2020-05-26 00:46:52 INFO     Training average positive_sample_loss at step 5400: 0.239265
2020-05-26 00:46:52 INFO     Training average negative_sample_loss at step 5400: 0.239872
2020-05-26 00:46:52 INFO     Training average loss at step 5400: 0.239569
2020-05-26 00:46:54 INFO     Training average positive_sample_loss at step 5500: 0.241313
2020-05-26 00:46:54 INFO     Training average negative_sample_loss at step 5500: 0.239971
2020-05-26 00:46:54 INFO     Training average loss at step 5500: 0.240642
2020-05-26 00:46:57 INFO     Training average positive_sample_loss at step 5600: 0.239458
2020-05-26 00:46:57 INFO     Training average negative_sample_loss at step 5600: 0.240118
2020-05-26 00:46:57 INFO     Training average loss at step 5600: 0.239788
2020-05-26 00:46:59 INFO     Training average positive_sample_loss at step 5700: 0.241299
2020-05-26 00:46:59 INFO     Training average negative_sample_loss at step 5700: 0.239741
2020-05-26 00:46:59 INFO     Training average loss at step 5700: 0.240520
2020-05-26 00:47:01 INFO     Training average positive_sample_loss at step 5800: 0.239234
2020-05-26 00:47:01 INFO     Training average negative_sample_loss at step 5800: 0.239964
2020-05-26 00:47:01 INFO     Training average loss at step 5800: 0.239599
2020-05-26 00:47:04 INFO     Training average positive_sample_loss at step 5900: 0.240591
2020-05-26 00:47:04 INFO     Training average negative_sample_loss at step 5900: 0.238179
2020-05-26 00:47:04 INFO     Training average loss at step 5900: 0.239385
2020-05-26 00:47:06 INFO     Training average positive_sample_loss at step 6000: 0.241052
2020-05-26 00:47:06 INFO     Training average negative_sample_loss at step 6000: 0.238812
2020-05-26 00:47:06 INFO     Training average loss at step 6000: 0.239932
2020-05-26 00:47:09 INFO     Training average positive_sample_loss at step 6100: 0.239477
2020-05-26 00:47:09 INFO     Training average negative_sample_loss at step 6100: 0.239065
2020-05-26 00:47:09 INFO     Training average loss at step 6100: 0.239271
2020-05-26 00:47:11 INFO     Training average positive_sample_loss at step 6200: 0.239196
2020-05-26 00:47:11 INFO     Training average negative_sample_loss at step 6200: 0.240081
2020-05-26 00:47:11 INFO     Training average loss at step 6200: 0.239639
2020-05-26 00:47:14 INFO     Training average positive_sample_loss at step 6300: 0.239834
2020-05-26 00:47:14 INFO     Training average negative_sample_loss at step 6300: 0.238328
2020-05-26 00:47:14 INFO     Training average loss at step 6300: 0.239081
2020-05-26 00:47:16 INFO     Training average positive_sample_loss at step 6400: 0.238844
2020-05-26 00:47:16 INFO     Training average negative_sample_loss at step 6400: 0.238295
2020-05-26 00:47:16 INFO     Training average loss at step 6400: 0.238570
2020-05-26 00:47:18 INFO     Training average positive_sample_loss at step 6500: 0.239300
2020-05-26 00:47:18 INFO     Training average negative_sample_loss at step 6500: 0.238538
2020-05-26 00:47:18 INFO     Training average loss at step 6500: 0.238919
2020-05-26 00:47:21 INFO     Training average positive_sample_loss at step 6600: 0.239148
2020-05-26 00:47:21 INFO     Training average negative_sample_loss at step 6600: 0.238552
2020-05-26 00:47:21 INFO     Training average loss at step 6600: 0.238850
2020-05-26 00:47:23 INFO     Training average positive_sample_loss at step 6700: 0.238703
2020-05-26 00:47:23 INFO     Training average negative_sample_loss at step 6700: 0.237260
2020-05-26 00:47:23 INFO     Training average loss at step 6700: 0.237982
2020-05-26 00:47:26 INFO     Training average positive_sample_loss at step 6800: 0.237846
2020-05-26 00:47:26 INFO     Training average negative_sample_loss at step 6800: 0.237224
2020-05-26 00:47:26 INFO     Training average loss at step 6800: 0.237535
2020-05-26 00:47:28 INFO     Training average positive_sample_loss at step 6900: 0.238232
2020-05-26 00:47:28 INFO     Training average negative_sample_loss at step 6900: 0.238722
2020-05-26 00:47:28 INFO     Training average loss at step 6900: 0.238477
2020-05-26 00:47:31 INFO     Training average positive_sample_loss at step 7000: 0.238032
2020-05-26 00:47:31 INFO     Training average negative_sample_loss at step 7000: 0.238904
2020-05-26 00:47:31 INFO     Training average loss at step 7000: 0.238468
2020-05-26 00:47:33 INFO     Training average positive_sample_loss at step 7100: 0.239225
2020-05-26 00:47:33 INFO     Training average negative_sample_loss at step 7100: 0.236408
2020-05-26 00:47:33 INFO     Training average loss at step 7100: 0.237816
2020-05-26 00:47:36 INFO     Training average positive_sample_loss at step 7200: 0.237799
2020-05-26 00:47:36 INFO     Training average negative_sample_loss at step 7200: 0.237844
2020-05-26 00:47:36 INFO     Training average loss at step 7200: 0.237822
2020-05-26 00:47:38 INFO     Training average positive_sample_loss at step 7300: 0.236676
2020-05-26 00:47:38 INFO     Training average negative_sample_loss at step 7300: 0.237680
2020-05-26 00:47:38 INFO     Training average loss at step 7300: 0.237178
2020-05-26 00:47:40 INFO     Training average positive_sample_loss at step 7400: 0.238226
2020-05-26 00:47:40 INFO     Training average negative_sample_loss at step 7400: 0.237995
2020-05-26 00:47:40 INFO     Training average loss at step 7400: 0.238111
2020-05-26 00:47:43 INFO     Training average positive_sample_loss at step 7500: 0.237193
2020-05-26 00:47:43 INFO     Training average negative_sample_loss at step 7500: 0.237779
2020-05-26 00:47:43 INFO     Training average loss at step 7500: 0.237486
2020-05-26 00:47:45 INFO     Training average positive_sample_loss at step 7600: 0.239329
2020-05-26 00:47:45 INFO     Training average negative_sample_loss at step 7600: 0.237018
2020-05-26 00:47:45 INFO     Training average loss at step 7600: 0.238174
2020-05-26 00:47:48 INFO     Training average positive_sample_loss at step 7700: 0.238643
2020-05-26 00:47:48 INFO     Training average negative_sample_loss at step 7700: 0.235989
2020-05-26 00:47:48 INFO     Training average loss at step 7700: 0.237316
2020-05-26 00:47:50 INFO     Training average positive_sample_loss at step 7800: 0.237360
2020-05-26 00:47:50 INFO     Training average negative_sample_loss at step 7800: 0.236946
2020-05-26 00:47:50 INFO     Training average loss at step 7800: 0.237153
2020-05-26 00:47:52 INFO     Training average positive_sample_loss at step 7900: 0.237694
2020-05-26 00:47:52 INFO     Training average negative_sample_loss at step 7900: 0.236992
2020-05-26 00:47:52 INFO     Training average loss at step 7900: 0.237343
2020-05-26 00:47:55 INFO     Training average positive_sample_loss at step 8000: 0.237182
2020-05-26 00:47:55 INFO     Training average negative_sample_loss at step 8000: 0.235772
2020-05-26 00:47:55 INFO     Training average loss at step 8000: 0.236477
2020-05-26 00:47:57 INFO     Training average positive_sample_loss at step 8100: 0.238157
2020-05-26 00:47:57 INFO     Training average negative_sample_loss at step 8100: 0.236367
2020-05-26 00:47:57 INFO     Training average loss at step 8100: 0.237262
2020-05-26 00:48:00 INFO     Training average positive_sample_loss at step 8200: 0.235837
2020-05-26 00:48:00 INFO     Training average negative_sample_loss at step 8200: 0.236427
2020-05-26 00:48:00 INFO     Training average loss at step 8200: 0.236132
2020-05-26 00:48:02 INFO     Training average positive_sample_loss at step 8300: 0.236848
2020-05-26 00:48:02 INFO     Training average negative_sample_loss at step 8300: 0.236016
2020-05-26 00:48:02 INFO     Training average loss at step 8300: 0.236432
2020-05-26 00:48:05 INFO     Training average positive_sample_loss at step 8400: 0.235413
2020-05-26 00:48:05 INFO     Training average negative_sample_loss at step 8400: 0.235174
2020-05-26 00:48:05 INFO     Training average loss at step 8400: 0.235294
2020-05-26 00:48:07 INFO     Training average positive_sample_loss at step 8500: 0.237714
2020-05-26 00:48:07 INFO     Training average negative_sample_loss at step 8500: 0.236122
2020-05-26 00:48:07 INFO     Training average loss at step 8500: 0.236918
2020-05-26 00:48:10 INFO     Training average positive_sample_loss at step 8600: 0.235879
2020-05-26 00:48:10 INFO     Training average negative_sample_loss at step 8600: 0.235993
2020-05-26 00:48:10 INFO     Training average loss at step 8600: 0.235936
2020-05-26 00:48:12 INFO     Training average positive_sample_loss at step 8700: 0.236191
2020-05-26 00:48:12 INFO     Training average negative_sample_loss at step 8700: 0.234715
2020-05-26 00:48:12 INFO     Training average loss at step 8700: 0.235453
2020-05-26 00:48:15 INFO     Training average positive_sample_loss at step 8800: 0.236859
2020-05-26 00:48:15 INFO     Training average negative_sample_loss at step 8800: 0.235927
2020-05-26 00:48:15 INFO     Training average loss at step 8800: 0.236393
2020-05-26 00:48:17 INFO     Training average positive_sample_loss at step 8900: 0.237240
2020-05-26 00:48:17 INFO     Training average negative_sample_loss at step 8900: 0.236003
2020-05-26 00:48:17 INFO     Training average loss at step 8900: 0.236622
2020-05-26 00:48:20 INFO     Training average positive_sample_loss at step 9000: 0.235695
2020-05-26 00:48:20 INFO     Training average negative_sample_loss at step 9000: 0.235508
2020-05-26 00:48:20 INFO     Training average loss at step 9000: 0.235602
2020-05-26 00:48:22 INFO     Training average positive_sample_loss at step 9100: 0.235645
2020-05-26 00:48:22 INFO     Training average negative_sample_loss at step 9100: 0.235364
2020-05-26 00:48:22 INFO     Training average loss at step 9100: 0.235504
2020-05-26 00:48:24 INFO     Training average positive_sample_loss at step 9200: 0.235443
2020-05-26 00:48:24 INFO     Training average negative_sample_loss at step 9200: 0.234404
2020-05-26 00:48:24 INFO     Training average loss at step 9200: 0.234924
2020-05-26 00:48:26 INFO     Training average positive_sample_loss at step 9300: 0.236896
2020-05-26 00:48:26 INFO     Training average negative_sample_loss at step 9300: 0.234472
2020-05-26 00:48:26 INFO     Training average loss at step 9300: 0.235684
2020-05-26 00:48:29 INFO     Training average positive_sample_loss at step 9400: 0.235731
2020-05-26 00:48:29 INFO     Training average negative_sample_loss at step 9400: 0.235139
2020-05-26 00:48:29 INFO     Training average loss at step 9400: 0.235435
2020-05-26 00:48:31 INFO     Training average positive_sample_loss at step 9500: 0.234284
2020-05-26 00:48:31 INFO     Training average negative_sample_loss at step 9500: 0.234871
2020-05-26 00:48:31 INFO     Training average loss at step 9500: 0.234577
2020-05-26 00:48:34 INFO     Training average positive_sample_loss at step 9600: 0.235665
2020-05-26 00:48:34 INFO     Training average negative_sample_loss at step 9600: 0.233478
2020-05-26 00:48:34 INFO     Training average loss at step 9600: 0.234572
2020-05-26 00:48:36 INFO     Training average positive_sample_loss at step 9700: 0.235340
2020-05-26 00:48:36 INFO     Training average negative_sample_loss at step 9700: 0.234796
2020-05-26 00:48:36 INFO     Training average loss at step 9700: 0.235068
2020-05-26 00:48:39 INFO     Training average positive_sample_loss at step 9800: 0.234632
2020-05-26 00:48:39 INFO     Training average negative_sample_loss at step 9800: 0.235077
2020-05-26 00:48:39 INFO     Training average loss at step 9800: 0.234855
2020-05-26 00:48:41 INFO     Training average positive_sample_loss at step 9900: 0.237681
2020-05-26 00:48:41 INFO     Training average negative_sample_loss at step 9900: 0.233428
2020-05-26 00:48:41 INFO     Training average loss at step 9900: 0.235555
2020-05-26 00:48:43 INFO     Evaluating on Valid Dataset...
2020-05-26 00:48:44 INFO     Evaluating the model... (0/268)
2020-05-26 00:48:45 INFO     Valid MRR at step 9999: 0.500670
2020-05-26 00:48:45 INFO     Valid MR at step 9999: 5.135938
2020-05-26 00:48:45 INFO     Valid HITS@1 at step 9999: 0.333177
2020-05-26 00:48:45 INFO     Valid HITS@3 at step 9999: 0.579551
2020-05-26 00:48:45 INFO     Valid HITS@10 at step 9999: 0.875292
2020-05-26 00:48:45 INFO     Evaluating on Test Dataset...
2020-05-26 00:48:45 INFO     Evaluating the model... (0/668)
2020-05-26 00:48:48 INFO     Test MRR at step 9999: 0.494210
2020-05-26 00:48:48 INFO     Test MR at step 9999: 5.271102
2020-05-26 00:48:48 INFO     Test HITS@1 at step 9999: 0.322946
2020-05-26 00:48:48 INFO     Test HITS@3 at step 9999: 0.575332
2020-05-26 00:48:48 INFO     Test HITS@10 at step 9999: 0.870578
