2020-05-31 03:30:31 INFO     Model: RotatE
2020-05-31 03:30:31 INFO     Data Path: data/umls
2020-05-31 03:30:31 INFO     #entity: 135
2020-05-31 03:30:31 INFO     #relation: 46
2020-05-31 03:30:31 INFO     #train: 1959
2020-05-31 03:30:31 INFO     #valid: 1306
2020-05-31 03:30:31 INFO     #test: 3264
2020-05-31 03:30:31 INFO     Model Parameter Configuration:
2020-05-31 03:30:31 INFO     Parameter gamma: torch.Size([1]), require_grad = False
2020-05-31 03:30:31 INFO     Parameter embedding_range: torch.Size([1]), require_grad = False
2020-05-31 03:30:31 INFO     Parameter entity_embedding: torch.Size([135, 2000]), require_grad = True
2020-05-31 03:30:31 INFO     Parameter relation_embedding: torch.Size([46, 1000]), require_grad = True
2020-05-31 03:30:33 INFO     Ramdomly Initializing RotatE Model...
2020-05-31 03:30:33 INFO     Start Training...
2020-05-31 03:30:33 INFO     init_step = 0
2020-05-31 03:30:33 INFO     batch_size = 128
2020-05-31 03:30:33 INFO     negative_adversarial_sampling = 1
2020-05-31 03:30:33 INFO     hidden_dim = 1000
2020-05-31 03:30:33 INFO     gamma = 6.000000
2020-05-31 03:30:33 INFO     negative_adversarial_sampling = True
2020-05-31 03:30:33 INFO     adversarial_temperature = 3.000000
2020-05-31 03:30:33 INFO     learning_rate = 0
2020-05-31 03:30:34 INFO     Training average positive_sample_loss at step 0: 2.434124
2020-05-31 03:30:34 INFO     Training average negative_sample_loss at step 0: 0.098883
2020-05-31 03:30:34 INFO     Training average loss at step 0: 1.266503
2020-05-31 03:30:34 INFO     Evaluating on Valid Dataset...
2020-05-31 03:30:34 INFO     Evaluating the model... (0/164)
2020-05-31 03:30:35 INFO     Valid MRR at step 0: 0.051671
2020-05-31 03:30:35 INFO     Valid MR at step 0: 53.847626
2020-05-31 03:30:35 INFO     Valid HITS@1 at step 0: 0.001914
2020-05-31 03:30:35 INFO     Valid HITS@3 at step 0: 0.042496
2020-05-31 03:30:35 INFO     Valid HITS@10 at step 0: 0.104135
2020-05-31 03:30:38 INFO     Training average positive_sample_loss at step 100: 0.805741
2020-05-31 03:30:38 INFO     Training average negative_sample_loss at step 100: 0.543918
2020-05-31 03:30:38 INFO     Training average loss at step 100: 0.674829
2020-05-31 03:30:41 INFO     Training average positive_sample_loss at step 200: 0.545527
2020-05-31 03:30:41 INFO     Training average negative_sample_loss at step 200: 0.470339
2020-05-31 03:30:41 INFO     Training average loss at step 200: 0.507933
2020-05-31 03:30:44 INFO     Training average positive_sample_loss at step 300: 0.497789
2020-05-31 03:30:44 INFO     Training average negative_sample_loss at step 300: 0.408850
2020-05-31 03:30:44 INFO     Training average loss at step 300: 0.453319
2020-05-31 03:30:47 INFO     Training average positive_sample_loss at step 400: 0.477433
2020-05-31 03:30:47 INFO     Training average negative_sample_loss at step 400: 0.379760
2020-05-31 03:30:47 INFO     Training average loss at step 400: 0.428596
2020-05-31 03:30:50 INFO     Training average positive_sample_loss at step 500: 0.466725
2020-05-31 03:30:50 INFO     Training average negative_sample_loss at step 500: 0.365116
2020-05-31 03:30:50 INFO     Training average loss at step 500: 0.415921
2020-05-31 03:30:53 INFO     Training average positive_sample_loss at step 600: 0.459331
2020-05-31 03:30:53 INFO     Training average negative_sample_loss at step 600: 0.354648
2020-05-31 03:30:53 INFO     Training average loss at step 600: 0.406990
2020-05-31 03:30:56 INFO     Training average positive_sample_loss at step 700: 0.452757
2020-05-31 03:30:56 INFO     Training average negative_sample_loss at step 700: 0.346191
2020-05-31 03:30:56 INFO     Training average loss at step 700: 0.399474
2020-05-31 03:30:59 INFO     Training average positive_sample_loss at step 800: 0.448092
2020-05-31 03:30:59 INFO     Training average negative_sample_loss at step 800: 0.340993
2020-05-31 03:30:59 INFO     Training average loss at step 800: 0.394542
2020-05-31 03:31:02 INFO     Training average positive_sample_loss at step 900: 0.443322
2020-05-31 03:31:02 INFO     Training average negative_sample_loss at step 900: 0.335850
2020-05-31 03:31:02 INFO     Training average loss at step 900: 0.389586
2020-05-31 03:31:05 INFO     Training average positive_sample_loss at step 1000: 0.441166
2020-05-31 03:31:05 INFO     Training average negative_sample_loss at step 1000: 0.332215
2020-05-31 03:31:05 INFO     Training average loss at step 1000: 0.386690
2020-05-31 03:31:08 INFO     Training average positive_sample_loss at step 1100: 0.438069
2020-05-31 03:31:08 INFO     Training average negative_sample_loss at step 1100: 0.329389
2020-05-31 03:31:08 INFO     Training average loss at step 1100: 0.383729
2020-05-31 03:31:11 INFO     Training average positive_sample_loss at step 1200: 0.437070
2020-05-31 03:31:11 INFO     Training average negative_sample_loss at step 1200: 0.327390
2020-05-31 03:31:11 INFO     Training average loss at step 1200: 0.382230
2020-05-31 03:31:14 INFO     Training average positive_sample_loss at step 1300: 0.435328
2020-05-31 03:31:14 INFO     Training average negative_sample_loss at step 1300: 0.324559
2020-05-31 03:31:14 INFO     Training average loss at step 1300: 0.379943
2020-05-31 03:31:17 INFO     Training average positive_sample_loss at step 1400: 0.433368
2020-05-31 03:31:17 INFO     Training average negative_sample_loss at step 1400: 0.322674
2020-05-31 03:31:17 INFO     Training average loss at step 1400: 0.378021
2020-05-31 03:31:20 INFO     Training average positive_sample_loss at step 1500: 0.431866
2020-05-31 03:31:20 INFO     Training average negative_sample_loss at step 1500: 0.321385
2020-05-31 03:31:20 INFO     Training average loss at step 1500: 0.376626
2020-05-31 03:31:23 INFO     Training average positive_sample_loss at step 1600: 0.431358
2020-05-31 03:31:23 INFO     Training average negative_sample_loss at step 1600: 0.320484
2020-05-31 03:31:23 INFO     Training average loss at step 1600: 0.375921
2020-05-31 03:31:27 INFO     Training average positive_sample_loss at step 1700: 0.429326
2020-05-31 03:31:27 INFO     Training average negative_sample_loss at step 1700: 0.319214
2020-05-31 03:31:27 INFO     Training average loss at step 1700: 0.374270
2020-05-31 03:31:30 INFO     Training average positive_sample_loss at step 1800: 0.428413
2020-05-31 03:31:30 INFO     Training average negative_sample_loss at step 1800: 0.317895
2020-05-31 03:31:30 INFO     Training average loss at step 1800: 0.373154
2020-05-31 03:31:33 INFO     Training average positive_sample_loss at step 1900: 0.427706
2020-05-31 03:31:33 INFO     Training average negative_sample_loss at step 1900: 0.316997
2020-05-31 03:31:33 INFO     Training average loss at step 1900: 0.372351
2020-05-31 03:31:36 INFO     Training average positive_sample_loss at step 2000: 0.427519
2020-05-31 03:31:36 INFO     Training average negative_sample_loss at step 2000: 0.315752
2020-05-31 03:31:36 INFO     Training average loss at step 2000: 0.371636
2020-05-31 03:31:39 INFO     Training average positive_sample_loss at step 2100: 0.426446
2020-05-31 03:31:39 INFO     Training average negative_sample_loss at step 2100: 0.315109
2020-05-31 03:31:39 INFO     Training average loss at step 2100: 0.370777
2020-05-31 03:31:41 INFO     Training average positive_sample_loss at step 2200: 0.426471
2020-05-31 03:31:41 INFO     Training average negative_sample_loss at step 2200: 0.314683
2020-05-31 03:31:41 INFO     Training average loss at step 2200: 0.370577
2020-05-31 03:31:44 INFO     Training average positive_sample_loss at step 2300: 0.425539
2020-05-31 03:31:44 INFO     Training average negative_sample_loss at step 2300: 0.313749
2020-05-31 03:31:44 INFO     Training average loss at step 2300: 0.369644
2020-05-31 03:31:48 INFO     Training average positive_sample_loss at step 2400: 0.424232
2020-05-31 03:31:48 INFO     Training average negative_sample_loss at step 2400: 0.313503
2020-05-31 03:31:48 INFO     Training average loss at step 2400: 0.368867
2020-05-31 03:31:51 INFO     Training average positive_sample_loss at step 2500: 0.423193
2020-05-31 03:31:51 INFO     Training average negative_sample_loss at step 2500: 0.312795
2020-05-31 03:31:51 INFO     Training average loss at step 2500: 0.367994
2020-05-31 03:31:54 INFO     Training average positive_sample_loss at step 2600: 0.423989
2020-05-31 03:31:54 INFO     Training average negative_sample_loss at step 2600: 0.311902
2020-05-31 03:31:54 INFO     Training average loss at step 2600: 0.367945
2020-05-31 03:31:57 INFO     Training average positive_sample_loss at step 2700: 0.422375
2020-05-31 03:31:57 INFO     Training average negative_sample_loss at step 2700: 0.311254
2020-05-31 03:31:57 INFO     Training average loss at step 2700: 0.366815
2020-05-31 03:32:00 INFO     Training average positive_sample_loss at step 2800: 0.423445
2020-05-31 03:32:00 INFO     Training average negative_sample_loss at step 2800: 0.311229
2020-05-31 03:32:00 INFO     Training average loss at step 2800: 0.367337
2020-05-31 03:32:03 INFO     Training average positive_sample_loss at step 2900: 0.422194
2020-05-31 03:32:03 INFO     Training average negative_sample_loss at step 2900: 0.310581
2020-05-31 03:32:03 INFO     Training average loss at step 2900: 0.366387
2020-05-31 03:32:06 INFO     Training average positive_sample_loss at step 3000: 0.421918
2020-05-31 03:32:06 INFO     Training average negative_sample_loss at step 3000: 0.310036
2020-05-31 03:32:06 INFO     Training average loss at step 3000: 0.365977
2020-05-31 03:32:09 INFO     Training average positive_sample_loss at step 3100: 0.422779
2020-05-31 03:32:09 INFO     Training average negative_sample_loss at step 3100: 0.310154
2020-05-31 03:32:09 INFO     Training average loss at step 3100: 0.366466
2020-05-31 03:32:12 INFO     Training average positive_sample_loss at step 3200: 0.420927
2020-05-31 03:32:12 INFO     Training average negative_sample_loss at step 3200: 0.309931
2020-05-31 03:32:12 INFO     Training average loss at step 3200: 0.365429
2020-05-31 03:32:15 INFO     Training average positive_sample_loss at step 3300: 0.420950
2020-05-31 03:32:15 INFO     Training average negative_sample_loss at step 3300: 0.309647
2020-05-31 03:32:15 INFO     Training average loss at step 3300: 0.365299
2020-05-31 03:32:18 INFO     Training average positive_sample_loss at step 3400: 0.419902
2020-05-31 03:32:18 INFO     Training average negative_sample_loss at step 3400: 0.308452
2020-05-31 03:32:18 INFO     Training average loss at step 3400: 0.364177
2020-05-31 03:32:21 INFO     Training average positive_sample_loss at step 3500: 0.420258
2020-05-31 03:32:21 INFO     Training average negative_sample_loss at step 3500: 0.308286
2020-05-31 03:32:21 INFO     Training average loss at step 3500: 0.364272
2020-05-31 03:32:24 INFO     Training average positive_sample_loss at step 3600: 0.419404
2020-05-31 03:32:24 INFO     Training average negative_sample_loss at step 3600: 0.307605
2020-05-31 03:32:24 INFO     Training average loss at step 3600: 0.363505
2020-05-31 03:32:27 INFO     Training average positive_sample_loss at step 3700: 0.420820
2020-05-31 03:32:27 INFO     Training average negative_sample_loss at step 3700: 0.308401
2020-05-31 03:32:27 INFO     Training average loss at step 3700: 0.364610
2020-05-31 03:32:30 INFO     Training average positive_sample_loss at step 3800: 0.419849
2020-05-31 03:32:30 INFO     Training average negative_sample_loss at step 3800: 0.308023
2020-05-31 03:32:30 INFO     Training average loss at step 3800: 0.363936
2020-05-31 03:32:33 INFO     Training average positive_sample_loss at step 3900: 0.419704
2020-05-31 03:32:33 INFO     Training average negative_sample_loss at step 3900: 0.307280
2020-05-31 03:32:33 INFO     Training average loss at step 3900: 0.363492
2020-05-31 03:32:36 INFO     Training average positive_sample_loss at step 4000: 0.419536
2020-05-31 03:32:36 INFO     Training average negative_sample_loss at step 4000: 0.307016
2020-05-31 03:32:36 INFO     Training average loss at step 4000: 0.363276
2020-05-31 03:32:40 INFO     Training average positive_sample_loss at step 4100: 0.417948
2020-05-31 03:32:40 INFO     Training average negative_sample_loss at step 4100: 0.307062
2020-05-31 03:32:40 INFO     Training average loss at step 4100: 0.362505
2020-05-31 03:32:43 INFO     Training average positive_sample_loss at step 4200: 0.418227
2020-05-31 03:32:43 INFO     Training average negative_sample_loss at step 4200: 0.306955
2020-05-31 03:32:43 INFO     Training average loss at step 4200: 0.362591
2020-05-31 03:32:46 INFO     Training average positive_sample_loss at step 4300: 0.417949
2020-05-31 03:32:46 INFO     Training average negative_sample_loss at step 4300: 0.306143
2020-05-31 03:32:46 INFO     Training average loss at step 4300: 0.362046
2020-05-31 03:32:49 INFO     Training average positive_sample_loss at step 4400: 0.418522
2020-05-31 03:32:49 INFO     Training average negative_sample_loss at step 4400: 0.306038
2020-05-31 03:32:49 INFO     Training average loss at step 4400: 0.362280
2020-05-31 03:32:52 INFO     Training average positive_sample_loss at step 4500: 0.419232
2020-05-31 03:32:52 INFO     Training average negative_sample_loss at step 4500: 0.306202
2020-05-31 03:32:52 INFO     Training average loss at step 4500: 0.362717
2020-05-31 03:32:54 INFO     Training average positive_sample_loss at step 4600: 0.418520
2020-05-31 03:32:54 INFO     Training average negative_sample_loss at step 4600: 0.306340
2020-05-31 03:32:54 INFO     Training average loss at step 4600: 0.362430
2020-05-31 03:32:57 INFO     Training average positive_sample_loss at step 4700: 0.417788
2020-05-31 03:32:57 INFO     Training average negative_sample_loss at step 4700: 0.305291
2020-05-31 03:32:57 INFO     Training average loss at step 4700: 0.361539
2020-05-31 03:33:01 INFO     Training average positive_sample_loss at step 4800: 0.417269
2020-05-31 03:33:01 INFO     Training average negative_sample_loss at step 4800: 0.305502
2020-05-31 03:33:01 INFO     Training average loss at step 4800: 0.361386
2020-05-31 03:33:04 INFO     Training average positive_sample_loss at step 4900: 0.417205
2020-05-31 03:33:04 INFO     Training average negative_sample_loss at step 4900: 0.305080
2020-05-31 03:33:04 INFO     Training average loss at step 4900: 0.361143
2020-05-31 03:33:07 INFO     Change learning_rate to 0.000010 at step 5000
2020-05-31 03:33:07 INFO     Training average positive_sample_loss at step 5000: 0.416896
2020-05-31 03:33:07 INFO     Training average negative_sample_loss at step 5000: 0.305262
2020-05-31 03:33:07 INFO     Training average loss at step 5000: 0.361079
2020-05-31 03:33:11 INFO     Training average positive_sample_loss at step 5100: 0.403421
2020-05-31 03:33:11 INFO     Training average negative_sample_loss at step 5100: 0.299433
2020-05-31 03:33:11 INFO     Training average loss at step 5100: 0.351427
2020-05-31 03:33:14 INFO     Training average positive_sample_loss at step 5200: 0.401734
2020-05-31 03:33:14 INFO     Training average negative_sample_loss at step 5200: 0.295727
2020-05-31 03:33:14 INFO     Training average loss at step 5200: 0.348731
2020-05-31 03:33:17 INFO     Training average positive_sample_loss at step 5300: 0.401692
2020-05-31 03:33:17 INFO     Training average negative_sample_loss at step 5300: 0.294566
2020-05-31 03:33:17 INFO     Training average loss at step 5300: 0.348129
2020-05-31 03:33:20 INFO     Training average positive_sample_loss at step 5400: 0.401947
2020-05-31 03:33:20 INFO     Training average negative_sample_loss at step 5400: 0.294115
2020-05-31 03:33:20 INFO     Training average loss at step 5400: 0.348031
2020-05-31 03:33:23 INFO     Training average positive_sample_loss at step 5500: 0.401518
2020-05-31 03:33:23 INFO     Training average negative_sample_loss at step 5500: 0.293803
2020-05-31 03:33:23 INFO     Training average loss at step 5500: 0.347661
2020-05-31 03:33:26 INFO     Training average positive_sample_loss at step 5600: 0.401235
2020-05-31 03:33:26 INFO     Training average negative_sample_loss at step 5600: 0.293394
2020-05-31 03:33:26 INFO     Training average loss at step 5600: 0.347315
2020-05-31 03:33:30 INFO     Training average positive_sample_loss at step 5700: 0.401466
2020-05-31 03:33:30 INFO     Training average negative_sample_loss at step 5700: 0.293756
2020-05-31 03:33:30 INFO     Training average loss at step 5700: 0.347611
2020-05-31 03:33:33 INFO     Training average positive_sample_loss at step 5800: 0.401722
2020-05-31 03:33:33 INFO     Training average negative_sample_loss at step 5800: 0.293276
2020-05-31 03:33:33 INFO     Training average loss at step 5800: 0.347499
2020-05-31 03:33:36 INFO     Training average positive_sample_loss at step 5900: 0.401742
2020-05-31 03:33:36 INFO     Training average negative_sample_loss at step 5900: 0.293523
2020-05-31 03:33:36 INFO     Training average loss at step 5900: 0.347633
2020-05-31 03:33:39 INFO     Training average positive_sample_loss at step 6000: 0.400791
2020-05-31 03:33:39 INFO     Training average negative_sample_loss at step 6000: 0.293267
2020-05-31 03:33:39 INFO     Training average loss at step 6000: 0.347029
2020-05-31 03:33:42 INFO     Training average positive_sample_loss at step 6100: 0.401661
2020-05-31 03:33:42 INFO     Training average negative_sample_loss at step 6100: 0.292851
2020-05-31 03:33:42 INFO     Training average loss at step 6100: 0.347256
2020-05-31 03:33:45 INFO     Training average positive_sample_loss at step 6200: 0.401243
2020-05-31 03:33:45 INFO     Training average negative_sample_loss at step 6200: 0.293284
2020-05-31 03:33:45 INFO     Training average loss at step 6200: 0.347263
2020-05-31 03:33:48 INFO     Training average positive_sample_loss at step 6300: 0.400904
2020-05-31 03:33:48 INFO     Training average negative_sample_loss at step 6300: 0.292710
2020-05-31 03:33:48 INFO     Training average loss at step 6300: 0.346807
2020-05-31 03:33:51 INFO     Training average positive_sample_loss at step 6400: 0.401338
2020-05-31 03:33:51 INFO     Training average negative_sample_loss at step 6400: 0.292947
2020-05-31 03:33:51 INFO     Training average loss at step 6400: 0.347143
2020-05-31 03:33:55 INFO     Training average positive_sample_loss at step 6500: 0.400612
2020-05-31 03:33:55 INFO     Training average negative_sample_loss at step 6500: 0.292927
2020-05-31 03:33:55 INFO     Training average loss at step 6500: 0.346770
2020-05-31 03:33:58 INFO     Training average positive_sample_loss at step 6600: 0.401119
2020-05-31 03:33:58 INFO     Training average negative_sample_loss at step 6600: 0.292570
2020-05-31 03:33:58 INFO     Training average loss at step 6600: 0.346845
2020-05-31 03:34:01 INFO     Training average positive_sample_loss at step 6700: 0.400666
2020-05-31 03:34:01 INFO     Training average negative_sample_loss at step 6700: 0.292534
2020-05-31 03:34:01 INFO     Training average loss at step 6700: 0.346600
2020-05-31 03:34:04 INFO     Training average positive_sample_loss at step 6800: 0.400557
2020-05-31 03:34:04 INFO     Training average negative_sample_loss at step 6800: 0.292549
2020-05-31 03:34:04 INFO     Training average loss at step 6800: 0.346553
2020-05-31 03:34:07 INFO     Training average positive_sample_loss at step 6900: 0.402546
2020-05-31 03:34:07 INFO     Training average negative_sample_loss at step 6900: 0.293554
2020-05-31 03:34:07 INFO     Training average loss at step 6900: 0.348050
2020-05-31 03:34:10 INFO     Training average positive_sample_loss at step 7000: 0.400663
2020-05-31 03:34:10 INFO     Training average negative_sample_loss at step 7000: 0.292618
2020-05-31 03:34:10 INFO     Training average loss at step 7000: 0.346640
2020-05-31 03:34:13 INFO     Training average positive_sample_loss at step 7100: 0.401360
2020-05-31 03:34:13 INFO     Training average negative_sample_loss at step 7100: 0.292834
2020-05-31 03:34:13 INFO     Training average loss at step 7100: 0.347097
2020-05-31 03:34:16 INFO     Training average positive_sample_loss at step 7200: 0.401028
2020-05-31 03:34:16 INFO     Training average negative_sample_loss at step 7200: 0.292391
2020-05-31 03:34:16 INFO     Training average loss at step 7200: 0.346710
2020-05-31 03:34:19 INFO     Training average positive_sample_loss at step 7300: 0.400674
2020-05-31 03:34:19 INFO     Training average negative_sample_loss at step 7300: 0.293244
2020-05-31 03:34:19 INFO     Training average loss at step 7300: 0.346959
2020-05-31 03:34:23 INFO     Training average positive_sample_loss at step 7400: 0.401201
2020-05-31 03:34:23 INFO     Training average negative_sample_loss at step 7400: 0.292872
2020-05-31 03:34:23 INFO     Training average loss at step 7400: 0.347036
2020-05-31 03:34:26 INFO     Training average positive_sample_loss at step 7500: 0.400982
2020-05-31 03:34:26 INFO     Training average negative_sample_loss at step 7500: 0.292502
2020-05-31 03:34:26 INFO     Training average loss at step 7500: 0.346742
2020-05-31 03:34:29 INFO     Training average positive_sample_loss at step 7600: 0.400409
2020-05-31 03:34:29 INFO     Training average negative_sample_loss at step 7600: 0.292548
2020-05-31 03:34:29 INFO     Training average loss at step 7600: 0.346479
2020-05-31 03:34:32 INFO     Training average positive_sample_loss at step 7700: 0.400704
2020-05-31 03:34:32 INFO     Training average negative_sample_loss at step 7700: 0.292281
2020-05-31 03:34:32 INFO     Training average loss at step 7700: 0.346492
2020-05-31 03:34:35 INFO     Training average positive_sample_loss at step 7800: 0.401544
2020-05-31 03:34:35 INFO     Training average negative_sample_loss at step 7800: 0.293161
2020-05-31 03:34:35 INFO     Training average loss at step 7800: 0.347352
2020-05-31 03:34:38 INFO     Training average positive_sample_loss at step 7900: 0.400804
2020-05-31 03:34:38 INFO     Training average negative_sample_loss at step 7900: 0.292730
2020-05-31 03:34:38 INFO     Training average loss at step 7900: 0.346767
2020-05-31 03:34:41 INFO     Training average positive_sample_loss at step 8000: 0.400942
2020-05-31 03:34:41 INFO     Training average negative_sample_loss at step 8000: 0.292348
2020-05-31 03:34:41 INFO     Training average loss at step 8000: 0.346645
2020-05-31 03:34:44 INFO     Training average positive_sample_loss at step 8100: 0.400540
2020-05-31 03:34:44 INFO     Training average negative_sample_loss at step 8100: 0.292285
2020-05-31 03:34:44 INFO     Training average loss at step 8100: 0.346413
2020-05-31 03:34:47 INFO     Training average positive_sample_loss at step 8200: 0.401016
2020-05-31 03:34:47 INFO     Training average negative_sample_loss at step 8200: 0.292436
2020-05-31 03:34:47 INFO     Training average loss at step 8200: 0.346726
2020-05-31 03:34:50 INFO     Training average positive_sample_loss at step 8300: 0.400246
2020-05-31 03:34:50 INFO     Training average negative_sample_loss at step 8300: 0.292673
2020-05-31 03:34:50 INFO     Training average loss at step 8300: 0.346460
2020-05-31 03:34:53 INFO     Training average positive_sample_loss at step 8400: 0.401422
2020-05-31 03:34:53 INFO     Training average negative_sample_loss at step 8400: 0.292505
2020-05-31 03:34:53 INFO     Training average loss at step 8400: 0.346964
2020-05-31 03:34:56 INFO     Training average positive_sample_loss at step 8500: 0.400958
2020-05-31 03:34:56 INFO     Training average negative_sample_loss at step 8500: 0.292854
2020-05-31 03:34:56 INFO     Training average loss at step 8500: 0.346906
2020-05-31 03:34:59 INFO     Training average positive_sample_loss at step 8600: 0.400659
2020-05-31 03:34:59 INFO     Training average negative_sample_loss at step 8600: 0.291862
2020-05-31 03:34:59 INFO     Training average loss at step 8600: 0.346261
2020-05-31 03:35:02 INFO     Training average positive_sample_loss at step 8700: 0.400738
2020-05-31 03:35:02 INFO     Training average negative_sample_loss at step 8700: 0.292532
2020-05-31 03:35:02 INFO     Training average loss at step 8700: 0.346635
2020-05-31 03:35:06 INFO     Training average positive_sample_loss at step 8800: 0.401021
2020-05-31 03:35:06 INFO     Training average negative_sample_loss at step 8800: 0.292569
2020-05-31 03:35:06 INFO     Training average loss at step 8800: 0.346795
2020-05-31 03:35:09 INFO     Training average positive_sample_loss at step 8900: 0.400839
2020-05-31 03:35:09 INFO     Training average negative_sample_loss at step 8900: 0.292651
2020-05-31 03:35:09 INFO     Training average loss at step 8900: 0.346745
2020-05-31 03:35:12 INFO     Training average positive_sample_loss at step 9000: 0.400388
2020-05-31 03:35:12 INFO     Training average negative_sample_loss at step 9000: 0.292034
2020-05-31 03:35:12 INFO     Training average loss at step 9000: 0.346211
2020-05-31 03:35:15 INFO     Training average positive_sample_loss at step 9100: 0.400666
2020-05-31 03:35:15 INFO     Training average negative_sample_loss at step 9100: 0.292800
2020-05-31 03:35:15 INFO     Training average loss at step 9100: 0.346733
2020-05-31 03:35:18 INFO     Training average positive_sample_loss at step 9200: 0.400164
2020-05-31 03:35:18 INFO     Training average negative_sample_loss at step 9200: 0.291884
2020-05-31 03:35:18 INFO     Training average loss at step 9200: 0.346024
2020-05-31 03:35:21 INFO     Training average positive_sample_loss at step 9300: 0.400580
2020-05-31 03:35:21 INFO     Training average negative_sample_loss at step 9300: 0.292133
2020-05-31 03:35:21 INFO     Training average loss at step 9300: 0.346357
2020-05-31 03:35:24 INFO     Training average positive_sample_loss at step 9400: 0.400445
2020-05-31 03:35:24 INFO     Training average negative_sample_loss at step 9400: 0.292180
2020-05-31 03:35:24 INFO     Training average loss at step 9400: 0.346312
2020-05-31 03:35:27 INFO     Training average positive_sample_loss at step 9500: 0.401034
2020-05-31 03:35:27 INFO     Training average negative_sample_loss at step 9500: 0.292617
2020-05-31 03:35:27 INFO     Training average loss at step 9500: 0.346826
2020-05-31 03:35:31 INFO     Training average positive_sample_loss at step 9600: 0.400526
2020-05-31 03:35:31 INFO     Training average negative_sample_loss at step 9600: 0.292332
2020-05-31 03:35:31 INFO     Training average loss at step 9600: 0.346429
2020-05-31 03:35:34 INFO     Training average positive_sample_loss at step 9700: 0.400478
2020-05-31 03:35:34 INFO     Training average negative_sample_loss at step 9700: 0.292142
2020-05-31 03:35:34 INFO     Training average loss at step 9700: 0.346310
2020-05-31 03:35:37 INFO     Training average positive_sample_loss at step 9800: 0.400831
2020-05-31 03:35:37 INFO     Training average negative_sample_loss at step 9800: 0.292335
2020-05-31 03:35:37 INFO     Training average loss at step 9800: 0.346583
2020-05-31 03:35:40 INFO     Training average positive_sample_loss at step 9900: 0.401544
2020-05-31 03:35:40 INFO     Training average negative_sample_loss at step 9900: 0.292905
2020-05-31 03:35:40 INFO     Training average loss at step 9900: 0.347224
2020-05-31 03:35:43 INFO     Evaluating on Valid Dataset...
2020-05-31 03:35:43 INFO     Evaluating the model... (0/164)
2020-05-31 03:35:44 INFO     Valid MRR at step 9999: 0.745857
2020-05-31 03:35:44 INFO     Valid MR at step 9999: 4.019142
2020-05-31 03:35:44 INFO     Valid HITS@1 at step 9999: 0.634380
2020-05-31 03:35:44 INFO     Valid HITS@3 at step 9999: 0.828867
2020-05-31 03:35:44 INFO     Valid HITS@10 at step 9999: 0.944870
2020-05-31 03:35:44 INFO     Evaluating on Test Dataset...
2020-05-31 03:35:44 INFO     Evaluating the model... (0/408)
2020-05-31 03:35:46 INFO     Test MRR at step 9999: 0.739568
2020-05-31 03:35:46 INFO     Test MR at step 9999: 4.057138
2020-05-31 03:35:46 INFO     Test HITS@1 at step 9999: 0.629136
2020-05-31 03:35:46 INFO     Test HITS@3 at step 9999: 0.819700
2020-05-31 03:35:46 INFO     Test HITS@10 at step 9999: 0.936428
