2020-05-31 03:35:50 INFO     Model: RotatE
2020-05-31 03:35:50 INFO     Data Path: data/umls
2020-05-31 03:35:50 INFO     #entity: 135
2020-05-31 03:35:50 INFO     #relation: 46
2020-05-31 03:35:50 INFO     #train: 1959
2020-05-31 03:35:50 INFO     #valid: 1306
2020-05-31 03:35:50 INFO     #test: 3264
2020-05-31 03:35:50 INFO     Model Parameter Configuration:
2020-05-31 03:35:50 INFO     Parameter gamma: torch.Size([1]), require_grad = False
2020-05-31 03:35:50 INFO     Parameter embedding_range: torch.Size([1]), require_grad = False
2020-05-31 03:35:50 INFO     Parameter entity_embedding: torch.Size([135, 1000]), require_grad = True
2020-05-31 03:35:50 INFO     Parameter relation_embedding: torch.Size([46, 500]), require_grad = True
2020-05-31 03:35:53 INFO     Ramdomly Initializing RotatE Model...
2020-05-31 03:35:53 INFO     Start Training...
2020-05-31 03:35:53 INFO     init_step = 0
2020-05-31 03:35:53 INFO     batch_size = 128
2020-05-31 03:35:53 INFO     negative_adversarial_sampling = 1
2020-05-31 03:35:53 INFO     hidden_dim = 500
2020-05-31 03:35:53 INFO     gamma = 6.000000
2020-05-31 03:35:53 INFO     negative_adversarial_sampling = True
2020-05-31 03:35:53 INFO     adversarial_temperature = 3.000000
2020-05-31 03:35:53 INFO     learning_rate = 0
2020-05-31 03:35:53 INFO     Training average positive_sample_loss at step 0: 2.445702
2020-05-31 03:35:53 INFO     Training average negative_sample_loss at step 0: 0.103837
2020-05-31 03:35:53 INFO     Training average loss at step 0: 1.274769
2020-05-31 03:35:53 INFO     Evaluating on Valid Dataset...
2020-05-31 03:35:53 INFO     Evaluating the model... (0/164)
2020-05-31 03:35:54 INFO     Valid MRR at step 0: 0.051830
2020-05-31 03:35:54 INFO     Valid MR at step 0: 55.913476
2020-05-31 03:35:54 INFO     Valid HITS@1 at step 0: 0.001914
2020-05-31 03:35:54 INFO     Valid HITS@3 at step 0: 0.040965
2020-05-31 03:35:54 INFO     Valid HITS@10 at step 0: 0.111409
2020-05-31 03:35:57 INFO     Training average positive_sample_loss at step 100: 1.035050
2020-05-31 03:35:57 INFO     Training average negative_sample_loss at step 100: 0.479132
2020-05-31 03:35:57 INFO     Training average loss at step 100: 0.757091
2020-05-31 03:36:00 INFO     Training average positive_sample_loss at step 200: 0.607147
2020-05-31 03:36:00 INFO     Training average negative_sample_loss at step 200: 0.568703
2020-05-31 03:36:00 INFO     Training average loss at step 200: 0.587925
2020-05-31 03:36:03 INFO     Training average positive_sample_loss at step 300: 0.561376
2020-05-31 03:36:03 INFO     Training average negative_sample_loss at step 300: 0.498072
2020-05-31 03:36:03 INFO     Training average loss at step 300: 0.529724
2020-05-31 03:36:05 INFO     Training average positive_sample_loss at step 400: 0.524263
2020-05-31 03:36:05 INFO     Training average negative_sample_loss at step 400: 0.448064
2020-05-31 03:36:05 INFO     Training average loss at step 400: 0.486164
2020-05-31 03:36:08 INFO     Training average positive_sample_loss at step 500: 0.499903
2020-05-31 03:36:08 INFO     Training average negative_sample_loss at step 500: 0.415596
2020-05-31 03:36:08 INFO     Training average loss at step 500: 0.457750
2020-05-31 03:36:11 INFO     Training average positive_sample_loss at step 600: 0.485137
2020-05-31 03:36:11 INFO     Training average negative_sample_loss at step 600: 0.397341
2020-05-31 03:36:11 INFO     Training average loss at step 600: 0.441239
2020-05-31 03:36:14 INFO     Training average positive_sample_loss at step 700: 0.476218
2020-05-31 03:36:14 INFO     Training average negative_sample_loss at step 700: 0.383540
2020-05-31 03:36:14 INFO     Training average loss at step 700: 0.429879
2020-05-31 03:36:17 INFO     Training average positive_sample_loss at step 800: 0.469573
2020-05-31 03:36:17 INFO     Training average negative_sample_loss at step 800: 0.373214
2020-05-31 03:36:17 INFO     Training average loss at step 800: 0.421394
2020-05-31 03:36:20 INFO     Training average positive_sample_loss at step 900: 0.463517
2020-05-31 03:36:20 INFO     Training average negative_sample_loss at step 900: 0.365524
2020-05-31 03:36:20 INFO     Training average loss at step 900: 0.414521
2020-05-31 03:36:23 INFO     Training average positive_sample_loss at step 1000: 0.458505
2020-05-31 03:36:23 INFO     Training average negative_sample_loss at step 1000: 0.359050
2020-05-31 03:36:23 INFO     Training average loss at step 1000: 0.408777
2020-05-31 03:36:25 INFO     Training average positive_sample_loss at step 1100: 0.454756
2020-05-31 03:36:25 INFO     Training average negative_sample_loss at step 1100: 0.353081
2020-05-31 03:36:25 INFO     Training average loss at step 1100: 0.403918
2020-05-31 03:36:28 INFO     Training average positive_sample_loss at step 1200: 0.452024
2020-05-31 03:36:28 INFO     Training average negative_sample_loss at step 1200: 0.348884
2020-05-31 03:36:28 INFO     Training average loss at step 1200: 0.400454
2020-05-31 03:36:31 INFO     Training average positive_sample_loss at step 1300: 0.448883
2020-05-31 03:36:31 INFO     Training average negative_sample_loss at step 1300: 0.345224
2020-05-31 03:36:31 INFO     Training average loss at step 1300: 0.397053
2020-05-31 03:36:34 INFO     Training average positive_sample_loss at step 1400: 0.445183
2020-05-31 03:36:34 INFO     Training average negative_sample_loss at step 1400: 0.340826
2020-05-31 03:36:34 INFO     Training average loss at step 1400: 0.393004
2020-05-31 03:36:37 INFO     Training average positive_sample_loss at step 1500: 0.444917
2020-05-31 03:36:37 INFO     Training average negative_sample_loss at step 1500: 0.339763
2020-05-31 03:36:37 INFO     Training average loss at step 1500: 0.392340
2020-05-31 03:36:40 INFO     Training average positive_sample_loss at step 1600: 0.441732
2020-05-31 03:36:40 INFO     Training average negative_sample_loss at step 1600: 0.335873
2020-05-31 03:36:40 INFO     Training average loss at step 1600: 0.388802
2020-05-31 03:36:43 INFO     Training average positive_sample_loss at step 1700: 0.439920
2020-05-31 03:36:43 INFO     Training average negative_sample_loss at step 1700: 0.333769
2020-05-31 03:36:43 INFO     Training average loss at step 1700: 0.386845
2020-05-31 03:36:46 INFO     Training average positive_sample_loss at step 1800: 0.437970
2020-05-31 03:36:46 INFO     Training average negative_sample_loss at step 1800: 0.332694
2020-05-31 03:36:46 INFO     Training average loss at step 1800: 0.385332
2020-05-31 03:36:48 INFO     Training average positive_sample_loss at step 1900: 0.435571
2020-05-31 03:36:48 INFO     Training average negative_sample_loss at step 1900: 0.329557
2020-05-31 03:36:48 INFO     Training average loss at step 1900: 0.382564
2020-05-31 03:36:51 INFO     Training average positive_sample_loss at step 2000: 0.436191
2020-05-31 03:36:51 INFO     Training average negative_sample_loss at step 2000: 0.329140
2020-05-31 03:36:51 INFO     Training average loss at step 2000: 0.382665
2020-05-31 03:36:54 INFO     Training average positive_sample_loss at step 2100: 0.434326
2020-05-31 03:36:54 INFO     Training average negative_sample_loss at step 2100: 0.327536
2020-05-31 03:36:54 INFO     Training average loss at step 2100: 0.380931
2020-05-31 03:36:57 INFO     Training average positive_sample_loss at step 2200: 0.434003
2020-05-31 03:36:57 INFO     Training average negative_sample_loss at step 2200: 0.325747
2020-05-31 03:36:57 INFO     Training average loss at step 2200: 0.379875
2020-05-31 03:36:59 INFO     Training average positive_sample_loss at step 2300: 0.432878
2020-05-31 03:36:59 INFO     Training average negative_sample_loss at step 2300: 0.325443
2020-05-31 03:36:59 INFO     Training average loss at step 2300: 0.379161
2020-05-31 03:37:02 INFO     Training average positive_sample_loss at step 2400: 0.430847
2020-05-31 03:37:02 INFO     Training average negative_sample_loss at step 2400: 0.323301
2020-05-31 03:37:02 INFO     Training average loss at step 2400: 0.377074
2020-05-31 03:37:05 INFO     Training average positive_sample_loss at step 2500: 0.429953
2020-05-31 03:37:05 INFO     Training average negative_sample_loss at step 2500: 0.322980
2020-05-31 03:37:05 INFO     Training average loss at step 2500: 0.376466
2020-05-31 03:37:08 INFO     Training average positive_sample_loss at step 2600: 0.429707
2020-05-31 03:37:08 INFO     Training average negative_sample_loss at step 2600: 0.321571
2020-05-31 03:37:08 INFO     Training average loss at step 2600: 0.375639
2020-05-31 03:37:11 INFO     Training average positive_sample_loss at step 2700: 0.428439
2020-05-31 03:37:11 INFO     Training average negative_sample_loss at step 2700: 0.320299
2020-05-31 03:37:11 INFO     Training average loss at step 2700: 0.374369
2020-05-31 03:37:14 INFO     Training average positive_sample_loss at step 2800: 0.428388
2020-05-31 03:37:14 INFO     Training average negative_sample_loss at step 2800: 0.320389
2020-05-31 03:37:14 INFO     Training average loss at step 2800: 0.374388
2020-05-31 03:37:16 INFO     Training average positive_sample_loss at step 2900: 0.427480
2020-05-31 03:37:16 INFO     Training average negative_sample_loss at step 2900: 0.319188
2020-05-31 03:37:16 INFO     Training average loss at step 2900: 0.373334
2020-05-31 03:37:19 INFO     Training average positive_sample_loss at step 3000: 0.427216
2020-05-31 03:37:19 INFO     Training average negative_sample_loss at step 3000: 0.319044
2020-05-31 03:37:19 INFO     Training average loss at step 3000: 0.373130
2020-05-31 03:37:22 INFO     Training average positive_sample_loss at step 3100: 0.426775
2020-05-31 03:37:22 INFO     Training average negative_sample_loss at step 3100: 0.318107
2020-05-31 03:37:22 INFO     Training average loss at step 3100: 0.372441
2020-05-31 03:37:25 INFO     Training average positive_sample_loss at step 3200: 0.426328
2020-05-31 03:37:25 INFO     Training average negative_sample_loss at step 3200: 0.317820
2020-05-31 03:37:25 INFO     Training average loss at step 3200: 0.372074
2020-05-31 03:37:28 INFO     Training average positive_sample_loss at step 3300: 0.424598
2020-05-31 03:37:28 INFO     Training average negative_sample_loss at step 3300: 0.317284
2020-05-31 03:37:28 INFO     Training average loss at step 3300: 0.370941
2020-05-31 03:37:31 INFO     Training average positive_sample_loss at step 3400: 0.423996
2020-05-31 03:37:31 INFO     Training average negative_sample_loss at step 3400: 0.315494
2020-05-31 03:37:31 INFO     Training average loss at step 3400: 0.369745
2020-05-31 03:37:34 INFO     Training average positive_sample_loss at step 3500: 0.424891
2020-05-31 03:37:34 INFO     Training average negative_sample_loss at step 3500: 0.315783
2020-05-31 03:37:34 INFO     Training average loss at step 3500: 0.370337
2020-05-31 03:37:36 INFO     Training average positive_sample_loss at step 3600: 0.422862
2020-05-31 03:37:36 INFO     Training average negative_sample_loss at step 3600: 0.314385
2020-05-31 03:37:36 INFO     Training average loss at step 3600: 0.368624
2020-05-31 03:37:39 INFO     Training average positive_sample_loss at step 3700: 0.423325
2020-05-31 03:37:39 INFO     Training average negative_sample_loss at step 3700: 0.314869
2020-05-31 03:37:39 INFO     Training average loss at step 3700: 0.369097
2020-05-31 03:37:42 INFO     Training average positive_sample_loss at step 3800: 0.424101
2020-05-31 03:37:42 INFO     Training average negative_sample_loss at step 3800: 0.314213
2020-05-31 03:37:42 INFO     Training average loss at step 3800: 0.369157
2020-05-31 03:37:45 INFO     Training average positive_sample_loss at step 3900: 0.422524
2020-05-31 03:37:45 INFO     Training average negative_sample_loss at step 3900: 0.314052
2020-05-31 03:37:45 INFO     Training average loss at step 3900: 0.368288
2020-05-31 03:37:48 INFO     Training average positive_sample_loss at step 4000: 0.423009
2020-05-31 03:37:48 INFO     Training average negative_sample_loss at step 4000: 0.313978
2020-05-31 03:37:48 INFO     Training average loss at step 4000: 0.368494
2020-05-31 03:37:51 INFO     Training average positive_sample_loss at step 4100: 0.421297
2020-05-31 03:37:51 INFO     Training average negative_sample_loss at step 4100: 0.313011
2020-05-31 03:37:51 INFO     Training average loss at step 4100: 0.367154
2020-05-31 03:37:53 INFO     Training average positive_sample_loss at step 4200: 0.420861
2020-05-31 03:37:53 INFO     Training average negative_sample_loss at step 4200: 0.312101
2020-05-31 03:37:53 INFO     Training average loss at step 4200: 0.366481
2020-05-31 03:37:56 INFO     Training average positive_sample_loss at step 4300: 0.420896
2020-05-31 03:37:56 INFO     Training average negative_sample_loss at step 4300: 0.312181
2020-05-31 03:37:56 INFO     Training average loss at step 4300: 0.366538
2020-05-31 03:37:59 INFO     Training average positive_sample_loss at step 4400: 0.421327
2020-05-31 03:37:59 INFO     Training average negative_sample_loss at step 4400: 0.312007
2020-05-31 03:37:59 INFO     Training average loss at step 4400: 0.366667
2020-05-31 03:38:02 INFO     Training average positive_sample_loss at step 4500: 0.420719
2020-05-31 03:38:02 INFO     Training average negative_sample_loss at step 4500: 0.311885
2020-05-31 03:38:02 INFO     Training average loss at step 4500: 0.366302
2020-05-31 03:38:05 INFO     Training average positive_sample_loss at step 4600: 0.420273
2020-05-31 03:38:05 INFO     Training average negative_sample_loss at step 4600: 0.311235
2020-05-31 03:38:05 INFO     Training average loss at step 4600: 0.365754
2020-05-31 03:38:07 INFO     Training average positive_sample_loss at step 4700: 0.420392
2020-05-31 03:38:07 INFO     Training average negative_sample_loss at step 4700: 0.310928
2020-05-31 03:38:07 INFO     Training average loss at step 4700: 0.365660
2020-05-31 03:38:10 INFO     Training average positive_sample_loss at step 4800: 0.419980
2020-05-31 03:38:10 INFO     Training average negative_sample_loss at step 4800: 0.311050
2020-05-31 03:38:10 INFO     Training average loss at step 4800: 0.365515
2020-05-31 03:38:14 INFO     Training average positive_sample_loss at step 4900: 0.418620
2020-05-31 03:38:14 INFO     Training average negative_sample_loss at step 4900: 0.310210
2020-05-31 03:38:14 INFO     Training average loss at step 4900: 0.364415
2020-05-31 03:38:16 INFO     Change learning_rate to 0.000010 at step 5000
2020-05-31 03:38:16 INFO     Training average positive_sample_loss at step 5000: 0.419094
2020-05-31 03:38:16 INFO     Training average negative_sample_loss at step 5000: 0.310018
2020-05-31 03:38:16 INFO     Training average loss at step 5000: 0.364556
2020-05-31 03:38:19 INFO     Training average positive_sample_loss at step 5100: 0.413022
2020-05-31 03:38:19 INFO     Training average negative_sample_loss at step 5100: 0.308448
2020-05-31 03:38:19 INFO     Training average loss at step 5100: 0.360735
2020-05-31 03:38:22 INFO     Training average positive_sample_loss at step 5200: 0.409731
2020-05-31 03:38:22 INFO     Training average negative_sample_loss at step 5200: 0.306236
2020-05-31 03:38:22 INFO     Training average loss at step 5200: 0.357983
2020-05-31 03:38:25 INFO     Training average positive_sample_loss at step 5300: 0.412718
2020-05-31 03:38:25 INFO     Training average negative_sample_loss at step 5300: 0.305400
2020-05-31 03:38:25 INFO     Training average loss at step 5300: 0.359059
2020-05-31 03:38:27 INFO     Training average positive_sample_loss at step 5400: 0.411195
2020-05-31 03:38:27 INFO     Training average negative_sample_loss at step 5400: 0.305074
2020-05-31 03:38:27 INFO     Training average loss at step 5400: 0.358135
2020-05-31 03:38:30 INFO     Training average positive_sample_loss at step 5500: 0.411508
2020-05-31 03:38:30 INFO     Training average negative_sample_loss at step 5500: 0.304319
2020-05-31 03:38:30 INFO     Training average loss at step 5500: 0.357913
2020-05-31 03:38:33 INFO     Training average positive_sample_loss at step 5600: 0.412081
2020-05-31 03:38:33 INFO     Training average negative_sample_loss at step 5600: 0.304471
2020-05-31 03:38:33 INFO     Training average loss at step 5600: 0.358276
2020-05-31 03:38:36 INFO     Training average positive_sample_loss at step 5700: 0.411144
2020-05-31 03:38:36 INFO     Training average negative_sample_loss at step 5700: 0.304485
2020-05-31 03:38:36 INFO     Training average loss at step 5700: 0.357815
2020-05-31 03:38:39 INFO     Training average positive_sample_loss at step 5800: 0.411523
2020-05-31 03:38:39 INFO     Training average negative_sample_loss at step 5800: 0.304366
2020-05-31 03:38:39 INFO     Training average loss at step 5800: 0.357944
2020-05-31 03:38:42 INFO     Training average positive_sample_loss at step 5900: 0.411223
2020-05-31 03:38:42 INFO     Training average negative_sample_loss at step 5900: 0.303716
2020-05-31 03:38:42 INFO     Training average loss at step 5900: 0.357469
2020-05-31 03:38:45 INFO     Training average positive_sample_loss at step 6000: 0.411283
2020-05-31 03:38:45 INFO     Training average negative_sample_loss at step 6000: 0.303978
2020-05-31 03:38:45 INFO     Training average loss at step 6000: 0.357630
2020-05-31 03:38:47 INFO     Training average positive_sample_loss at step 6100: 0.410660
2020-05-31 03:38:47 INFO     Training average negative_sample_loss at step 6100: 0.304063
2020-05-31 03:38:47 INFO     Training average loss at step 6100: 0.357361
2020-05-31 03:38:50 INFO     Training average positive_sample_loss at step 6200: 0.411411
2020-05-31 03:38:50 INFO     Training average negative_sample_loss at step 6200: 0.303945
2020-05-31 03:38:50 INFO     Training average loss at step 6200: 0.357678
2020-05-31 03:38:53 INFO     Training average positive_sample_loss at step 6300: 0.412232
2020-05-31 03:38:53 INFO     Training average negative_sample_loss at step 6300: 0.304589
2020-05-31 03:38:53 INFO     Training average loss at step 6300: 0.358411
2020-05-31 03:38:56 INFO     Training average positive_sample_loss at step 6400: 0.411156
2020-05-31 03:38:56 INFO     Training average negative_sample_loss at step 6400: 0.303973
2020-05-31 03:38:56 INFO     Training average loss at step 6400: 0.357564
2020-05-31 03:38:59 INFO     Training average positive_sample_loss at step 6500: 0.411210
2020-05-31 03:38:59 INFO     Training average negative_sample_loss at step 6500: 0.304110
2020-05-31 03:38:59 INFO     Training average loss at step 6500: 0.357660
2020-05-31 03:39:02 INFO     Training average positive_sample_loss at step 6600: 0.411379
2020-05-31 03:39:02 INFO     Training average negative_sample_loss at step 6600: 0.303198
2020-05-31 03:39:02 INFO     Training average loss at step 6600: 0.357288
2020-05-31 03:39:05 INFO     Training average positive_sample_loss at step 6700: 0.410872
2020-05-31 03:39:05 INFO     Training average negative_sample_loss at step 6700: 0.303961
2020-05-31 03:39:05 INFO     Training average loss at step 6700: 0.357416
2020-05-31 03:39:07 INFO     Training average positive_sample_loss at step 6800: 0.412178
2020-05-31 03:39:07 INFO     Training average negative_sample_loss at step 6800: 0.304065
2020-05-31 03:39:07 INFO     Training average loss at step 6800: 0.358122
2020-05-31 03:39:10 INFO     Training average positive_sample_loss at step 6900: 0.410474
2020-05-31 03:39:10 INFO     Training average negative_sample_loss at step 6900: 0.303697
2020-05-31 03:39:10 INFO     Training average loss at step 6900: 0.357086
2020-05-31 03:39:13 INFO     Training average positive_sample_loss at step 7000: 0.412472
2020-05-31 03:39:13 INFO     Training average negative_sample_loss at step 7000: 0.304471
2020-05-31 03:39:13 INFO     Training average loss at step 7000: 0.358472
2020-05-31 03:39:16 INFO     Training average positive_sample_loss at step 7100: 0.410874
2020-05-31 03:39:16 INFO     Training average negative_sample_loss at step 7100: 0.303780
2020-05-31 03:39:16 INFO     Training average loss at step 7100: 0.357327
2020-05-31 03:39:19 INFO     Training average positive_sample_loss at step 7200: 0.411060
2020-05-31 03:39:19 INFO     Training average negative_sample_loss at step 7200: 0.303722
2020-05-31 03:39:19 INFO     Training average loss at step 7200: 0.357391
2020-05-31 03:39:22 INFO     Training average positive_sample_loss at step 7300: 0.411016
2020-05-31 03:39:22 INFO     Training average negative_sample_loss at step 7300: 0.303620
2020-05-31 03:39:22 INFO     Training average loss at step 7300: 0.357318
2020-05-31 03:39:25 INFO     Training average positive_sample_loss at step 7400: 0.410929
2020-05-31 03:39:25 INFO     Training average negative_sample_loss at step 7400: 0.303814
2020-05-31 03:39:25 INFO     Training average loss at step 7400: 0.357372
2020-05-31 03:39:27 INFO     Training average positive_sample_loss at step 7500: 0.411761
2020-05-31 03:39:27 INFO     Training average negative_sample_loss at step 7500: 0.303759
2020-05-31 03:39:27 INFO     Training average loss at step 7500: 0.357760
2020-05-31 03:39:30 INFO     Training average positive_sample_loss at step 7600: 0.410991
2020-05-31 03:39:30 INFO     Training average negative_sample_loss at step 7600: 0.303896
2020-05-31 03:39:30 INFO     Training average loss at step 7600: 0.357444
2020-05-31 03:39:33 INFO     Training average positive_sample_loss at step 7700: 0.411271
2020-05-31 03:39:33 INFO     Training average negative_sample_loss at step 7700: 0.303634
2020-05-31 03:39:33 INFO     Training average loss at step 7700: 0.357452
2020-05-31 03:39:36 INFO     Training average positive_sample_loss at step 7800: 0.410573
2020-05-31 03:39:36 INFO     Training average negative_sample_loss at step 7800: 0.303514
2020-05-31 03:39:36 INFO     Training average loss at step 7800: 0.357043
2020-05-31 03:39:38 INFO     Training average positive_sample_loss at step 7900: 0.411348
2020-05-31 03:39:38 INFO     Training average negative_sample_loss at step 7900: 0.303333
2020-05-31 03:39:38 INFO     Training average loss at step 7900: 0.357340
2020-05-31 03:39:41 INFO     Training average positive_sample_loss at step 8000: 0.410761
2020-05-31 03:39:41 INFO     Training average negative_sample_loss at step 8000: 0.303423
2020-05-31 03:39:41 INFO     Training average loss at step 8000: 0.357092
2020-05-31 03:39:45 INFO     Training average positive_sample_loss at step 8100: 0.411029
2020-05-31 03:39:45 INFO     Training average negative_sample_loss at step 8100: 0.303781
2020-05-31 03:39:45 INFO     Training average loss at step 8100: 0.357405
2020-05-31 03:39:47 INFO     Training average positive_sample_loss at step 8200: 0.411763
2020-05-31 03:39:47 INFO     Training average negative_sample_loss at step 8200: 0.303293
2020-05-31 03:39:47 INFO     Training average loss at step 8200: 0.357528
2020-05-31 03:39:50 INFO     Training average positive_sample_loss at step 8300: 0.410267
2020-05-31 03:39:50 INFO     Training average negative_sample_loss at step 8300: 0.303802
2020-05-31 03:39:50 INFO     Training average loss at step 8300: 0.357034
2020-05-31 03:39:53 INFO     Training average positive_sample_loss at step 8400: 0.411191
2020-05-31 03:39:53 INFO     Training average negative_sample_loss at step 8400: 0.303538
2020-05-31 03:39:53 INFO     Training average loss at step 8400: 0.357364
2020-05-31 03:39:56 INFO     Training average positive_sample_loss at step 8500: 0.409794
2020-05-31 03:39:56 INFO     Training average negative_sample_loss at step 8500: 0.303129
2020-05-31 03:39:56 INFO     Training average loss at step 8500: 0.356462
2020-05-31 03:39:58 INFO     Training average positive_sample_loss at step 8600: 0.411503
2020-05-31 03:39:58 INFO     Training average negative_sample_loss at step 8600: 0.302740
2020-05-31 03:39:58 INFO     Training average loss at step 8600: 0.357122
2020-05-31 03:40:01 INFO     Training average positive_sample_loss at step 8700: 0.410387
2020-05-31 03:40:01 INFO     Training average negative_sample_loss at step 8700: 0.303299
2020-05-31 03:40:01 INFO     Training average loss at step 8700: 0.356843
2020-05-31 03:40:04 INFO     Training average positive_sample_loss at step 8800: 0.410625
2020-05-31 03:40:04 INFO     Training average negative_sample_loss at step 8800: 0.303583
2020-05-31 03:40:04 INFO     Training average loss at step 8800: 0.357104
2020-05-31 03:40:07 INFO     Training average positive_sample_loss at step 8900: 0.409927
2020-05-31 03:40:07 INFO     Training average negative_sample_loss at step 8900: 0.302867
2020-05-31 03:40:07 INFO     Training average loss at step 8900: 0.356397
2020-05-31 03:40:10 INFO     Training average positive_sample_loss at step 9000: 0.412209
2020-05-31 03:40:10 INFO     Training average negative_sample_loss at step 9000: 0.303747
2020-05-31 03:40:10 INFO     Training average loss at step 9000: 0.357978
2020-05-31 03:40:13 INFO     Training average positive_sample_loss at step 9100: 0.411002
2020-05-31 03:40:13 INFO     Training average negative_sample_loss at step 9100: 0.303775
2020-05-31 03:40:13 INFO     Training average loss at step 9100: 0.357389
2020-05-31 03:40:16 INFO     Training average positive_sample_loss at step 9200: 0.411061
2020-05-31 03:40:16 INFO     Training average negative_sample_loss at step 9200: 0.303505
2020-05-31 03:40:16 INFO     Training average loss at step 9200: 0.357283
2020-05-31 03:40:19 INFO     Training average positive_sample_loss at step 9300: 0.409953
2020-05-31 03:40:19 INFO     Training average negative_sample_loss at step 9300: 0.303103
2020-05-31 03:40:19 INFO     Training average loss at step 9300: 0.356528
2020-05-31 03:40:21 INFO     Training average positive_sample_loss at step 9400: 0.411562
2020-05-31 03:40:21 INFO     Training average negative_sample_loss at step 9400: 0.303458
2020-05-31 03:40:21 INFO     Training average loss at step 9400: 0.357510
2020-05-31 03:40:24 INFO     Training average positive_sample_loss at step 9500: 0.410626
2020-05-31 03:40:24 INFO     Training average negative_sample_loss at step 9500: 0.303226
2020-05-31 03:40:24 INFO     Training average loss at step 9500: 0.356926
2020-05-31 03:40:27 INFO     Training average positive_sample_loss at step 9600: 0.411226
2020-05-31 03:40:27 INFO     Training average negative_sample_loss at step 9600: 0.303188
2020-05-31 03:40:27 INFO     Training average loss at step 9600: 0.357207
2020-05-31 03:40:30 INFO     Training average positive_sample_loss at step 9700: 0.410316
2020-05-31 03:40:30 INFO     Training average negative_sample_loss at step 9700: 0.303341
2020-05-31 03:40:30 INFO     Training average loss at step 9700: 0.356828
2020-05-31 03:40:33 INFO     Training average positive_sample_loss at step 9800: 0.410642
2020-05-31 03:40:33 INFO     Training average negative_sample_loss at step 9800: 0.302984
2020-05-31 03:40:33 INFO     Training average loss at step 9800: 0.356813
2020-05-31 03:40:36 INFO     Training average positive_sample_loss at step 9900: 0.411087
2020-05-31 03:40:36 INFO     Training average negative_sample_loss at step 9900: 0.303874
2020-05-31 03:40:36 INFO     Training average loss at step 9900: 0.357480
2020-05-31 03:40:39 INFO     Evaluating on Valid Dataset...
2020-05-31 03:40:39 INFO     Evaluating the model... (0/164)
2020-05-31 03:40:40 INFO     Valid MRR at step 9999: 0.742785
2020-05-31 03:40:40 INFO     Valid MR at step 9999: 4.139357
2020-05-31 03:40:40 INFO     Valid HITS@1 at step 9999: 0.632848
2020-05-31 03:40:40 INFO     Valid HITS@3 at step 9999: 0.826187
2020-05-31 03:40:40 INFO     Valid HITS@10 at step 9999: 0.934533
2020-05-31 03:40:40 INFO     Evaluating on Test Dataset...
2020-05-31 03:40:40 INFO     Evaluating the model... (0/408)
2020-05-31 03:40:42 INFO     Test MRR at step 9999: 0.725813
2020-05-31 03:40:42 INFO     Test MR at step 9999: 4.548713
2020-05-31 03:40:42 INFO     Test HITS@1 at step 9999: 0.617647
2020-05-31 03:40:42 INFO     Test HITS@3 at step 9999: 0.801471
2020-05-31 03:40:42 INFO     Test HITS@10 at step 9999: 0.923866
