2020-05-31 03:45:27 INFO     Model: RotatE
2020-05-31 03:45:27 INFO     Data Path: data/umls
2020-05-31 03:45:27 INFO     #entity: 135
2020-05-31 03:45:27 INFO     #relation: 46
2020-05-31 03:45:27 INFO     #train: 1959
2020-05-31 03:45:27 INFO     #valid: 1306
2020-05-31 03:45:27 INFO     #test: 3264
2020-05-31 03:45:27 INFO     Model Parameter Configuration:
2020-05-31 03:45:27 INFO     Parameter gamma: torch.Size([1]), require_grad = False
2020-05-31 03:45:27 INFO     Parameter embedding_range: torch.Size([1]), require_grad = False
2020-05-31 03:45:27 INFO     Parameter entity_embedding: torch.Size([135, 200]), require_grad = True
2020-05-31 03:45:27 INFO     Parameter relation_embedding: torch.Size([46, 100]), require_grad = True
2020-05-31 03:45:30 INFO     Ramdomly Initializing RotatE Model...
2020-05-31 03:45:30 INFO     Start Training...
2020-05-31 03:45:30 INFO     init_step = 0
2020-05-31 03:45:30 INFO     batch_size = 128
2020-05-31 03:45:30 INFO     negative_adversarial_sampling = 1
2020-05-31 03:45:30 INFO     hidden_dim = 100
2020-05-31 03:45:30 INFO     gamma = 6.000000
2020-05-31 03:45:30 INFO     negative_adversarial_sampling = True
2020-05-31 03:45:30 INFO     adversarial_temperature = 3.000000
2020-05-31 03:45:30 INFO     learning_rate = 0
2020-05-31 03:45:30 INFO     Training average positive_sample_loss at step 0: 2.436727
2020-05-31 03:45:30 INFO     Training average negative_sample_loss at step 0: 0.145564
2020-05-31 03:45:30 INFO     Training average loss at step 0: 1.291145
2020-05-31 03:45:30 INFO     Evaluating on Valid Dataset...
2020-05-31 03:45:30 INFO     Evaluating the model... (0/164)
2020-05-31 03:45:31 INFO     Valid MRR at step 0: 0.056581
2020-05-31 03:45:31 INFO     Valid MR at step 0: 57.238897
2020-05-31 03:45:31 INFO     Valid HITS@1 at step 0: 0.014165
2020-05-31 03:45:31 INFO     Valid HITS@3 at step 0: 0.040199
2020-05-31 03:45:31 INFO     Valid HITS@10 at step 0: 0.099541
2020-05-31 03:45:34 INFO     Training average positive_sample_loss at step 100: 1.977138
2020-05-31 03:45:34 INFO     Training average negative_sample_loss at step 100: 0.211677
2020-05-31 03:45:34 INFO     Training average loss at step 100: 1.094408
2020-05-31 03:45:36 INFO     Training average positive_sample_loss at step 200: 1.275419
2020-05-31 03:45:36 INFO     Training average negative_sample_loss at step 200: 0.384587
2020-05-31 03:45:36 INFO     Training average loss at step 200: 0.830003
2020-05-31 03:45:39 INFO     Training average positive_sample_loss at step 300: 0.917444
2020-05-31 03:45:39 INFO     Training average negative_sample_loss at step 300: 0.538931
2020-05-31 03:45:39 INFO     Training average loss at step 300: 0.728187
2020-05-31 03:45:42 INFO     Training average positive_sample_loss at step 400: 0.757651
2020-05-31 03:45:42 INFO     Training average negative_sample_loss at step 400: 0.622149
2020-05-31 03:45:42 INFO     Training average loss at step 400: 0.689900
2020-05-31 03:45:44 INFO     Training average positive_sample_loss at step 500: 0.691522
2020-05-31 03:45:44 INFO     Training average negative_sample_loss at step 500: 0.647889
2020-05-31 03:45:44 INFO     Training average loss at step 500: 0.669706
2020-05-31 03:45:47 INFO     Training average positive_sample_loss at step 600: 0.660466
2020-05-31 03:45:47 INFO     Training average negative_sample_loss at step 600: 0.645740
2020-05-31 03:45:47 INFO     Training average loss at step 600: 0.653103
2020-05-31 03:45:49 INFO     Training average positive_sample_loss at step 700: 0.642428
2020-05-31 03:45:49 INFO     Training average negative_sample_loss at step 700: 0.632868
2020-05-31 03:45:49 INFO     Training average loss at step 700: 0.637648
2020-05-31 03:45:52 INFO     Training average positive_sample_loss at step 800: 0.629142
2020-05-31 03:45:52 INFO     Training average negative_sample_loss at step 800: 0.617469
2020-05-31 03:45:52 INFO     Training average loss at step 800: 0.623305
2020-05-31 03:45:55 INFO     Training average positive_sample_loss at step 900: 0.618995
2020-05-31 03:45:55 INFO     Training average negative_sample_loss at step 900: 0.600144
2020-05-31 03:45:55 INFO     Training average loss at step 900: 0.609569
2020-05-31 03:45:58 INFO     Training average positive_sample_loss at step 1000: 0.608333
2020-05-31 03:45:58 INFO     Training average negative_sample_loss at step 1000: 0.584327
2020-05-31 03:45:58 INFO     Training average loss at step 1000: 0.596330
2020-05-31 03:46:01 INFO     Training average positive_sample_loss at step 1100: 0.598291
2020-05-31 03:46:01 INFO     Training average negative_sample_loss at step 1100: 0.568770
2020-05-31 03:46:01 INFO     Training average loss at step 1100: 0.583530
2020-05-31 03:46:03 INFO     Training average positive_sample_loss at step 1200: 0.589898
2020-05-31 03:46:03 INFO     Training average negative_sample_loss at step 1200: 0.552805
2020-05-31 03:46:03 INFO     Training average loss at step 1200: 0.571351
2020-05-31 03:46:06 INFO     Training average positive_sample_loss at step 1300: 0.579994
2020-05-31 03:46:06 INFO     Training average negative_sample_loss at step 1300: 0.539365
2020-05-31 03:46:06 INFO     Training average loss at step 1300: 0.559680
2020-05-31 03:46:09 INFO     Training average positive_sample_loss at step 1400: 0.572221
2020-05-31 03:46:09 INFO     Training average negative_sample_loss at step 1400: 0.527081
2020-05-31 03:46:09 INFO     Training average loss at step 1400: 0.549651
2020-05-31 03:46:11 INFO     Training average positive_sample_loss at step 1500: 0.563127
2020-05-31 03:46:11 INFO     Training average negative_sample_loss at step 1500: 0.513953
2020-05-31 03:46:11 INFO     Training average loss at step 1500: 0.538540
2020-05-31 03:46:14 INFO     Training average positive_sample_loss at step 1600: 0.554771
2020-05-31 03:46:14 INFO     Training average negative_sample_loss at step 1600: 0.503056
2020-05-31 03:46:14 INFO     Training average loss at step 1600: 0.528914
2020-05-31 03:46:17 INFO     Training average positive_sample_loss at step 1700: 0.548029
2020-05-31 03:46:17 INFO     Training average negative_sample_loss at step 1700: 0.492974
2020-05-31 03:46:17 INFO     Training average loss at step 1700: 0.520501
2020-05-31 03:46:20 INFO     Training average positive_sample_loss at step 1800: 0.541330
2020-05-31 03:46:20 INFO     Training average negative_sample_loss at step 1800: 0.482803
2020-05-31 03:46:20 INFO     Training average loss at step 1800: 0.512067
2020-05-31 03:46:23 INFO     Training average positive_sample_loss at step 1900: 0.534208
2020-05-31 03:46:23 INFO     Training average negative_sample_loss at step 1900: 0.473835
2020-05-31 03:46:23 INFO     Training average loss at step 1900: 0.504021
2020-05-31 03:46:25 INFO     Training average positive_sample_loss at step 2000: 0.530373
2020-05-31 03:46:25 INFO     Training average negative_sample_loss at step 2000: 0.466906
2020-05-31 03:46:25 INFO     Training average loss at step 2000: 0.498640
2020-05-31 03:46:28 INFO     Training average positive_sample_loss at step 2100: 0.524247
2020-05-31 03:46:28 INFO     Training average negative_sample_loss at step 2100: 0.458357
2020-05-31 03:46:28 INFO     Training average loss at step 2100: 0.491302
2020-05-31 03:46:30 INFO     Training average positive_sample_loss at step 2200: 0.519252
2020-05-31 03:46:30 INFO     Training average negative_sample_loss at step 2200: 0.452150
2020-05-31 03:46:30 INFO     Training average loss at step 2200: 0.485701
2020-05-31 03:46:33 INFO     Training average positive_sample_loss at step 2300: 0.515763
2020-05-31 03:46:33 INFO     Training average negative_sample_loss at step 2300: 0.446656
2020-05-31 03:46:33 INFO     Training average loss at step 2300: 0.481209
2020-05-31 03:46:36 INFO     Training average positive_sample_loss at step 2400: 0.511729
2020-05-31 03:46:36 INFO     Training average negative_sample_loss at step 2400: 0.440638
2020-05-31 03:46:36 INFO     Training average loss at step 2400: 0.476183
2020-05-31 03:46:39 INFO     Training average positive_sample_loss at step 2500: 0.508393
2020-05-31 03:46:39 INFO     Training average negative_sample_loss at step 2500: 0.435758
2020-05-31 03:46:39 INFO     Training average loss at step 2500: 0.472075
2020-05-31 03:46:42 INFO     Training average positive_sample_loss at step 2600: 0.505741
2020-05-31 03:46:42 INFO     Training average negative_sample_loss at step 2600: 0.430668
2020-05-31 03:46:42 INFO     Training average loss at step 2600: 0.468204
2020-05-31 03:46:44 INFO     Training average positive_sample_loss at step 2700: 0.502815
2020-05-31 03:46:44 INFO     Training average negative_sample_loss at step 2700: 0.427196
2020-05-31 03:46:44 INFO     Training average loss at step 2700: 0.465005
2020-05-31 03:46:47 INFO     Training average positive_sample_loss at step 2800: 0.499846
2020-05-31 03:46:47 INFO     Training average negative_sample_loss at step 2800: 0.421941
2020-05-31 03:46:47 INFO     Training average loss at step 2800: 0.460894
2020-05-31 03:46:50 INFO     Training average positive_sample_loss at step 2900: 0.497387
2020-05-31 03:46:50 INFO     Training average negative_sample_loss at step 2900: 0.418535
2020-05-31 03:46:50 INFO     Training average loss at step 2900: 0.457961
2020-05-31 03:46:52 INFO     Training average positive_sample_loss at step 3000: 0.496653
2020-05-31 03:46:52 INFO     Training average negative_sample_loss at step 3000: 0.415403
2020-05-31 03:46:52 INFO     Training average loss at step 3000: 0.456028
2020-05-31 03:46:55 INFO     Training average positive_sample_loss at step 3100: 0.493991
2020-05-31 03:46:55 INFO     Training average negative_sample_loss at step 3100: 0.413009
2020-05-31 03:46:55 INFO     Training average loss at step 3100: 0.453500
2020-05-31 03:46:58 INFO     Training average positive_sample_loss at step 3200: 0.492482
2020-05-31 03:46:58 INFO     Training average negative_sample_loss at step 3200: 0.408624
2020-05-31 03:46:58 INFO     Training average loss at step 3200: 0.450553
2020-05-31 03:47:01 INFO     Training average positive_sample_loss at step 3300: 0.490261
2020-05-31 03:47:01 INFO     Training average negative_sample_loss at step 3300: 0.405910
2020-05-31 03:47:01 INFO     Training average loss at step 3300: 0.448086
2020-05-31 03:47:04 INFO     Training average positive_sample_loss at step 3400: 0.489106
2020-05-31 03:47:04 INFO     Training average negative_sample_loss at step 3400: 0.404013
2020-05-31 03:47:04 INFO     Training average loss at step 3400: 0.446560
2020-05-31 03:47:06 INFO     Training average positive_sample_loss at step 3500: 0.488145
2020-05-31 03:47:06 INFO     Training average negative_sample_loss at step 3500: 0.401459
2020-05-31 03:47:06 INFO     Training average loss at step 3500: 0.444802
2020-05-31 03:47:09 INFO     Training average positive_sample_loss at step 3600: 0.485555
2020-05-31 03:47:09 INFO     Training average negative_sample_loss at step 3600: 0.398599
2020-05-31 03:47:09 INFO     Training average loss at step 3600: 0.442077
2020-05-31 03:47:11 INFO     Training average positive_sample_loss at step 3700: 0.485215
2020-05-31 03:47:11 INFO     Training average negative_sample_loss at step 3700: 0.396393
2020-05-31 03:47:11 INFO     Training average loss at step 3700: 0.440804
2020-05-31 03:47:14 INFO     Training average positive_sample_loss at step 3800: 0.483223
2020-05-31 03:47:14 INFO     Training average negative_sample_loss at step 3800: 0.394072
2020-05-31 03:47:14 INFO     Training average loss at step 3800: 0.438647
2020-05-31 03:47:17 INFO     Training average positive_sample_loss at step 3900: 0.481866
2020-05-31 03:47:17 INFO     Training average negative_sample_loss at step 3900: 0.392500
2020-05-31 03:47:17 INFO     Training average loss at step 3900: 0.437183
2020-05-31 03:47:20 INFO     Training average positive_sample_loss at step 4000: 0.481226
2020-05-31 03:47:20 INFO     Training average negative_sample_loss at step 4000: 0.390044
2020-05-31 03:47:20 INFO     Training average loss at step 4000: 0.435635
2020-05-31 03:47:23 INFO     Training average positive_sample_loss at step 4100: 0.479274
2020-05-31 03:47:23 INFO     Training average negative_sample_loss at step 4100: 0.388044
2020-05-31 03:47:23 INFO     Training average loss at step 4100: 0.433659
2020-05-31 03:47:25 INFO     Training average positive_sample_loss at step 4200: 0.480154
2020-05-31 03:47:25 INFO     Training average negative_sample_loss at step 4200: 0.387280
2020-05-31 03:47:25 INFO     Training average loss at step 4200: 0.433717
2020-05-31 03:47:28 INFO     Training average positive_sample_loss at step 4300: 0.477264
2020-05-31 03:47:28 INFO     Training average negative_sample_loss at step 4300: 0.385410
2020-05-31 03:47:28 INFO     Training average loss at step 4300: 0.431337
2020-05-31 03:47:31 INFO     Training average positive_sample_loss at step 4400: 0.476420
2020-05-31 03:47:31 INFO     Training average negative_sample_loss at step 4400: 0.383490
2020-05-31 03:47:31 INFO     Training average loss at step 4400: 0.429955
2020-05-31 03:47:33 INFO     Training average positive_sample_loss at step 4500: 0.475822
2020-05-31 03:47:33 INFO     Training average negative_sample_loss at step 4500: 0.381101
2020-05-31 03:47:33 INFO     Training average loss at step 4500: 0.428462
2020-05-31 03:47:36 INFO     Training average positive_sample_loss at step 4600: 0.474192
2020-05-31 03:47:36 INFO     Training average negative_sample_loss at step 4600: 0.379943
2020-05-31 03:47:36 INFO     Training average loss at step 4600: 0.427068
2020-05-31 03:47:38 INFO     Training average positive_sample_loss at step 4700: 0.473405
2020-05-31 03:47:38 INFO     Training average negative_sample_loss at step 4700: 0.379312
2020-05-31 03:47:38 INFO     Training average loss at step 4700: 0.426359
2020-05-31 03:47:41 INFO     Training average positive_sample_loss at step 4800: 0.473624
2020-05-31 03:47:41 INFO     Training average negative_sample_loss at step 4800: 0.377697
2020-05-31 03:47:41 INFO     Training average loss at step 4800: 0.425660
2020-05-31 03:47:44 INFO     Training average positive_sample_loss at step 4900: 0.471693
2020-05-31 03:47:44 INFO     Training average negative_sample_loss at step 4900: 0.376169
2020-05-31 03:47:44 INFO     Training average loss at step 4900: 0.423931
2020-05-31 03:47:47 INFO     Change learning_rate to 0.000010 at step 5000
2020-05-31 03:47:47 INFO     Training average positive_sample_loss at step 5000: 0.471876
2020-05-31 03:47:47 INFO     Training average negative_sample_loss at step 5000: 0.375497
2020-05-31 03:47:47 INFO     Training average loss at step 5000: 0.423687
2020-05-31 03:47:50 INFO     Training average positive_sample_loss at step 5100: 0.469154
2020-05-31 03:47:50 INFO     Training average negative_sample_loss at step 5100: 0.373917
2020-05-31 03:47:50 INFO     Training average loss at step 5100: 0.421535
2020-05-31 03:47:52 INFO     Training average positive_sample_loss at step 5200: 0.469043
2020-05-31 03:47:52 INFO     Training average negative_sample_loss at step 5200: 0.374299
2020-05-31 03:47:52 INFO     Training average loss at step 5200: 0.421671
2020-05-31 03:47:55 INFO     Training average positive_sample_loss at step 5300: 0.468014
2020-05-31 03:47:55 INFO     Training average negative_sample_loss at step 5300: 0.374147
2020-05-31 03:47:55 INFO     Training average loss at step 5300: 0.421081
2020-05-31 03:47:57 INFO     Training average positive_sample_loss at step 5400: 0.467800
2020-05-31 03:47:57 INFO     Training average negative_sample_loss at step 5400: 0.374105
2020-05-31 03:47:57 INFO     Training average loss at step 5400: 0.420952
2020-05-31 03:48:00 INFO     Training average positive_sample_loss at step 5500: 0.468947
2020-05-31 03:48:00 INFO     Training average negative_sample_loss at step 5500: 0.373289
2020-05-31 03:48:00 INFO     Training average loss at step 5500: 0.421118
2020-05-31 03:48:03 INFO     Training average positive_sample_loss at step 5600: 0.468501
2020-05-31 03:48:03 INFO     Training average negative_sample_loss at step 5600: 0.373224
2020-05-31 03:48:03 INFO     Training average loss at step 5600: 0.420862
2020-05-31 03:48:06 INFO     Training average positive_sample_loss at step 5700: 0.467919
2020-05-31 03:48:06 INFO     Training average negative_sample_loss at step 5700: 0.373284
2020-05-31 03:48:06 INFO     Training average loss at step 5700: 0.420602
2020-05-31 03:48:09 INFO     Training average positive_sample_loss at step 5800: 0.468662
2020-05-31 03:48:09 INFO     Training average negative_sample_loss at step 5800: 0.373338
2020-05-31 03:48:09 INFO     Training average loss at step 5800: 0.421000
2020-05-31 03:48:11 INFO     Training average positive_sample_loss at step 5900: 0.467439
2020-05-31 03:48:11 INFO     Training average negative_sample_loss at step 5900: 0.373134
2020-05-31 03:48:11 INFO     Training average loss at step 5900: 0.420286
2020-05-31 03:48:14 INFO     Training average positive_sample_loss at step 6000: 0.468882
2020-05-31 03:48:14 INFO     Training average negative_sample_loss at step 6000: 0.372691
2020-05-31 03:48:14 INFO     Training average loss at step 6000: 0.420787
2020-05-31 03:48:17 INFO     Training average positive_sample_loss at step 6100: 0.469749
2020-05-31 03:48:17 INFO     Training average negative_sample_loss at step 6100: 0.373336
2020-05-31 03:48:17 INFO     Training average loss at step 6100: 0.421543
2020-05-31 03:48:19 INFO     Training average positive_sample_loss at step 6200: 0.466505
2020-05-31 03:48:19 INFO     Training average negative_sample_loss at step 6200: 0.371985
2020-05-31 03:48:19 INFO     Training average loss at step 6200: 0.419245
2020-05-31 03:48:22 INFO     Training average positive_sample_loss at step 6300: 0.468899
2020-05-31 03:48:22 INFO     Training average negative_sample_loss at step 6300: 0.372236
2020-05-31 03:48:22 INFO     Training average loss at step 6300: 0.420567
2020-05-31 03:48:25 INFO     Training average positive_sample_loss at step 6400: 0.467558
2020-05-31 03:48:25 INFO     Training average negative_sample_loss at step 6400: 0.371330
2020-05-31 03:48:25 INFO     Training average loss at step 6400: 0.419444
2020-05-31 03:48:28 INFO     Training average positive_sample_loss at step 6500: 0.467509
2020-05-31 03:48:28 INFO     Training average negative_sample_loss at step 6500: 0.371896
2020-05-31 03:48:28 INFO     Training average loss at step 6500: 0.419702
2020-05-31 03:48:30 INFO     Training average positive_sample_loss at step 6600: 0.469092
2020-05-31 03:48:30 INFO     Training average negative_sample_loss at step 6600: 0.371556
2020-05-31 03:48:30 INFO     Training average loss at step 6600: 0.420324
2020-05-31 03:48:33 INFO     Training average positive_sample_loss at step 6700: 0.467374
2020-05-31 03:48:33 INFO     Training average negative_sample_loss at step 6700: 0.371668
2020-05-31 03:48:33 INFO     Training average loss at step 6700: 0.419521
2020-05-31 03:48:36 INFO     Training average positive_sample_loss at step 6800: 0.468284
2020-05-31 03:48:36 INFO     Training average negative_sample_loss at step 6800: 0.372377
2020-05-31 03:48:36 INFO     Training average loss at step 6800: 0.420330
2020-05-31 03:48:38 INFO     Training average positive_sample_loss at step 6900: 0.466885
2020-05-31 03:48:38 INFO     Training average negative_sample_loss at step 6900: 0.370919
2020-05-31 03:48:38 INFO     Training average loss at step 6900: 0.418902
2020-05-31 03:48:41 INFO     Training average positive_sample_loss at step 7000: 0.468085
2020-05-31 03:48:41 INFO     Training average negative_sample_loss at step 7000: 0.371152
2020-05-31 03:48:41 INFO     Training average loss at step 7000: 0.419619
2020-05-31 03:48:44 INFO     Training average positive_sample_loss at step 7100: 0.467238
2020-05-31 03:48:44 INFO     Training average negative_sample_loss at step 7100: 0.370804
2020-05-31 03:48:44 INFO     Training average loss at step 7100: 0.419021
2020-05-31 03:48:47 INFO     Training average positive_sample_loss at step 7200: 0.466597
2020-05-31 03:48:47 INFO     Training average negative_sample_loss at step 7200: 0.371448
2020-05-31 03:48:47 INFO     Training average loss at step 7200: 0.419022
2020-05-31 03:48:50 INFO     Training average positive_sample_loss at step 7300: 0.467148
2020-05-31 03:48:50 INFO     Training average negative_sample_loss at step 7300: 0.370991
2020-05-31 03:48:50 INFO     Training average loss at step 7300: 0.419069
2020-05-31 03:48:52 INFO     Training average positive_sample_loss at step 7400: 0.467052
2020-05-31 03:48:52 INFO     Training average negative_sample_loss at step 7400: 0.370347
2020-05-31 03:48:52 INFO     Training average loss at step 7400: 0.418699
2020-05-31 03:48:55 INFO     Training average positive_sample_loss at step 7500: 0.468082
2020-05-31 03:48:55 INFO     Training average negative_sample_loss at step 7500: 0.370926
2020-05-31 03:48:55 INFO     Training average loss at step 7500: 0.419504
2020-05-31 03:48:58 INFO     Training average positive_sample_loss at step 7600: 0.467233
2020-05-31 03:48:58 INFO     Training average negative_sample_loss at step 7600: 0.370772
2020-05-31 03:48:58 INFO     Training average loss at step 7600: 0.419002
2020-05-31 03:49:00 INFO     Training average positive_sample_loss at step 7700: 0.467684
2020-05-31 03:49:00 INFO     Training average negative_sample_loss at step 7700: 0.370788
2020-05-31 03:49:00 INFO     Training average loss at step 7700: 0.419236
2020-05-31 03:49:03 INFO     Training average positive_sample_loss at step 7800: 0.467797
2020-05-31 03:49:03 INFO     Training average negative_sample_loss at step 7800: 0.370134
2020-05-31 03:49:03 INFO     Training average loss at step 7800: 0.418966
2020-05-31 03:49:06 INFO     Training average positive_sample_loss at step 7900: 0.467379
2020-05-31 03:49:06 INFO     Training average negative_sample_loss at step 7900: 0.370895
2020-05-31 03:49:06 INFO     Training average loss at step 7900: 0.419137
2020-05-31 03:49:08 INFO     Training average positive_sample_loss at step 8000: 0.466934
2020-05-31 03:49:08 INFO     Training average negative_sample_loss at step 8000: 0.370225
2020-05-31 03:49:08 INFO     Training average loss at step 8000: 0.418580
2020-05-31 03:49:11 INFO     Training average positive_sample_loss at step 8100: 0.466474
2020-05-31 03:49:11 INFO     Training average negative_sample_loss at step 8100: 0.370117
2020-05-31 03:49:11 INFO     Training average loss at step 8100: 0.418296
2020-05-31 03:49:14 INFO     Training average positive_sample_loss at step 8200: 0.467044
2020-05-31 03:49:14 INFO     Training average negative_sample_loss at step 8200: 0.370523
2020-05-31 03:49:14 INFO     Training average loss at step 8200: 0.418784
2020-05-31 03:49:17 INFO     Training average positive_sample_loss at step 8300: 0.465103
2020-05-31 03:49:17 INFO     Training average negative_sample_loss at step 8300: 0.369451
2020-05-31 03:49:17 INFO     Training average loss at step 8300: 0.417277
2020-05-31 03:49:19 INFO     Training average positive_sample_loss at step 8400: 0.468086
2020-05-31 03:49:19 INFO     Training average negative_sample_loss at step 8400: 0.369574
2020-05-31 03:49:19 INFO     Training average loss at step 8400: 0.418830
2020-05-31 03:49:22 INFO     Training average positive_sample_loss at step 8500: 0.465871
2020-05-31 03:49:22 INFO     Training average negative_sample_loss at step 8500: 0.369483
2020-05-31 03:49:22 INFO     Training average loss at step 8500: 0.417677
2020-05-31 03:49:25 INFO     Training average positive_sample_loss at step 8600: 0.466667
2020-05-31 03:49:25 INFO     Training average negative_sample_loss at step 8600: 0.368890
2020-05-31 03:49:25 INFO     Training average loss at step 8600: 0.417779
2020-05-31 03:49:27 INFO     Training average positive_sample_loss at step 8700: 0.466340
2020-05-31 03:49:27 INFO     Training average negative_sample_loss at step 8700: 0.370356
2020-05-31 03:49:27 INFO     Training average loss at step 8700: 0.418348
2020-05-31 03:49:30 INFO     Training average positive_sample_loss at step 8800: 0.464918
2020-05-31 03:49:30 INFO     Training average negative_sample_loss at step 8800: 0.368972
2020-05-31 03:49:30 INFO     Training average loss at step 8800: 0.416945
2020-05-31 03:49:33 INFO     Training average positive_sample_loss at step 8900: 0.466071
2020-05-31 03:49:33 INFO     Training average negative_sample_loss at step 8900: 0.369664
2020-05-31 03:49:33 INFO     Training average loss at step 8900: 0.417867
2020-05-31 03:49:36 INFO     Training average positive_sample_loss at step 9000: 0.467061
2020-05-31 03:49:36 INFO     Training average negative_sample_loss at step 9000: 0.369620
2020-05-31 03:49:36 INFO     Training average loss at step 9000: 0.418341
2020-05-31 03:49:39 INFO     Training average positive_sample_loss at step 9100: 0.466390
2020-05-31 03:49:39 INFO     Training average negative_sample_loss at step 9100: 0.369038
2020-05-31 03:49:39 INFO     Training average loss at step 9100: 0.417714
2020-05-31 03:49:41 INFO     Training average positive_sample_loss at step 9200: 0.467078
2020-05-31 03:49:41 INFO     Training average negative_sample_loss at step 9200: 0.369025
2020-05-31 03:49:41 INFO     Training average loss at step 9200: 0.418051
2020-05-31 03:49:44 INFO     Training average positive_sample_loss at step 9300: 0.465283
2020-05-31 03:49:44 INFO     Training average negative_sample_loss at step 9300: 0.368581
2020-05-31 03:49:44 INFO     Training average loss at step 9300: 0.416932
2020-05-31 03:49:47 INFO     Training average positive_sample_loss at step 9400: 0.466926
2020-05-31 03:49:47 INFO     Training average negative_sample_loss at step 9400: 0.368535
2020-05-31 03:49:47 INFO     Training average loss at step 9400: 0.417731
2020-05-31 03:49:50 INFO     Training average positive_sample_loss at step 9500: 0.465561
2020-05-31 03:49:50 INFO     Training average negative_sample_loss at step 9500: 0.368463
2020-05-31 03:49:50 INFO     Training average loss at step 9500: 0.417012
2020-05-31 03:49:52 INFO     Training average positive_sample_loss at step 9600: 0.466014
2020-05-31 03:49:52 INFO     Training average negative_sample_loss at step 9600: 0.368902
2020-05-31 03:49:52 INFO     Training average loss at step 9600: 0.417458
2020-05-31 03:49:55 INFO     Training average positive_sample_loss at step 9700: 0.466180
2020-05-31 03:49:55 INFO     Training average negative_sample_loss at step 9700: 0.369373
2020-05-31 03:49:55 INFO     Training average loss at step 9700: 0.417777
2020-05-31 03:49:58 INFO     Training average positive_sample_loss at step 9800: 0.466315
2020-05-31 03:49:58 INFO     Training average negative_sample_loss at step 9800: 0.368381
2020-05-31 03:49:58 INFO     Training average loss at step 9800: 0.417348
2020-05-31 03:50:01 INFO     Training average positive_sample_loss at step 9900: 0.464851
2020-05-31 03:50:01 INFO     Training average negative_sample_loss at step 9900: 0.368217
2020-05-31 03:50:01 INFO     Training average loss at step 9900: 0.416534
2020-05-31 03:50:04 INFO     Evaluating on Valid Dataset...
2020-05-31 03:50:04 INFO     Evaluating the model... (0/164)
2020-05-31 03:50:05 INFO     Valid MRR at step 9999: 0.549288
2020-05-31 03:50:05 INFO     Valid MR at step 9999: 7.896248
2020-05-31 03:50:05 INFO     Valid HITS@1 at step 9999: 0.405054
2020-05-31 03:50:05 INFO     Valid HITS@3 at step 9999: 0.640505
2020-05-31 03:50:05 INFO     Valid HITS@10 at step 9999: 0.825038
2020-05-31 03:50:05 INFO     Evaluating on Test Dataset...
2020-05-31 03:50:05 INFO     Evaluating the model... (0/408)
2020-05-31 03:50:07 INFO     Test MRR at step 9999: 0.545050
2020-05-31 03:50:07 INFO     Test MR at step 9999: 8.369945
2020-05-31 03:50:07 INFO     Test HITS@1 at step 9999: 0.399050
2020-05-31 03:50:07 INFO     Test HITS@3 at step 9999: 0.632506
2020-05-31 03:50:07 INFO     Test HITS@10 at step 9999: 0.823529
