2020-05-26 00:53:08 INFO     Model: RotatE
2020-05-26 00:53:08 INFO     Data Path: data/kinship
2020-05-26 00:53:08 INFO     #entity: 104
2020-05-26 00:53:08 INFO     #relation: 25
2020-05-26 00:53:08 INFO     #train: 3206
2020-05-26 00:53:08 INFO     #valid: 2137
2020-05-26 00:53:08 INFO     #test: 5343
2020-05-26 00:53:08 INFO     Model Parameter Configuration:
2020-05-26 00:53:08 INFO     Parameter gamma: torch.Size([1]), require_grad = False
2020-05-26 00:53:08 INFO     Parameter embedding_range: torch.Size([1]), require_grad = False
2020-05-26 00:53:08 INFO     Parameter entity_embedding: torch.Size([104, 100]), require_grad = True
2020-05-26 00:53:08 INFO     Parameter relation_embedding: torch.Size([25, 50]), require_grad = True
2020-05-26 00:53:12 INFO     Ramdomly Initializing RotatE Model...
2020-05-26 00:53:12 INFO     Start Training...
2020-05-26 00:53:12 INFO     init_step = 0
2020-05-26 00:53:12 INFO     batch_size = 128
2020-05-26 00:53:12 INFO     negative_adversarial_sampling = 1
2020-05-26 00:53:12 INFO     hidden_dim = 50
2020-05-26 00:53:12 INFO     gamma = 12.000000
2020-05-26 00:53:12 INFO     negative_adversarial_sampling = True
2020-05-26 00:53:12 INFO     adversarial_temperature = 0.250000
2020-05-26 00:53:12 INFO     learning_rate = 0
2020-05-26 00:53:12 INFO     Training average positive_sample_loss at step 0: 2.708652
2020-05-26 00:53:12 INFO     Training average negative_sample_loss at step 0: 0.138183
2020-05-26 00:53:12 INFO     Training average loss at step 0: 1.423418
2020-05-26 00:53:12 INFO     Evaluating on Valid Dataset...
2020-05-26 00:53:12 INFO     Evaluating the model... (0/268)
2020-05-26 00:53:13 INFO     Valid MRR at step 0: 0.052913
2020-05-26 00:53:13 INFO     Valid MR at step 0: 48.094993
2020-05-26 00:53:13 INFO     Valid HITS@1 at step 0: 0.009827
2020-05-26 00:53:13 INFO     Valid HITS@3 at step 0: 0.031586
2020-05-26 00:53:13 INFO     Valid HITS@10 at step 0: 0.102246
2020-05-26 00:53:15 INFO     Training average positive_sample_loss at step 100: 2.387988
2020-05-26 00:53:15 INFO     Training average negative_sample_loss at step 100: 0.171882
2020-05-26 00:53:15 INFO     Training average loss at step 100: 1.279935
2020-05-26 00:53:18 INFO     Training average positive_sample_loss at step 200: 1.969316
2020-05-26 00:53:18 INFO     Training average negative_sample_loss at step 200: 0.246374
2020-05-26 00:53:18 INFO     Training average loss at step 200: 1.107845
2020-05-26 00:53:20 INFO     Training average positive_sample_loss at step 300: 1.638036
2020-05-26 00:53:20 INFO     Training average negative_sample_loss at step 300: 0.327748
2020-05-26 00:53:20 INFO     Training average loss at step 300: 0.982892
2020-05-26 00:53:23 INFO     Training average positive_sample_loss at step 400: 1.377292
2020-05-26 00:53:23 INFO     Training average negative_sample_loss at step 400: 0.415130
2020-05-26 00:53:23 INFO     Training average loss at step 400: 0.896211
2020-05-26 00:53:25 INFO     Training average positive_sample_loss at step 500: 1.182887
2020-05-26 00:53:25 INFO     Training average negative_sample_loss at step 500: 0.497461
2020-05-26 00:53:25 INFO     Training average loss at step 500: 0.840174
2020-05-26 00:53:27 INFO     Training average positive_sample_loss at step 600: 1.039242
2020-05-26 00:53:27 INFO     Training average negative_sample_loss at step 600: 0.569863
2020-05-26 00:53:27 INFO     Training average loss at step 600: 0.804553
2020-05-26 00:53:30 INFO     Training average positive_sample_loss at step 700: 0.933016
2020-05-26 00:53:30 INFO     Training average negative_sample_loss at step 700: 0.626257
2020-05-26 00:53:30 INFO     Training average loss at step 700: 0.779637
2020-05-26 00:53:32 INFO     Training average positive_sample_loss at step 800: 0.858519
2020-05-26 00:53:32 INFO     Training average negative_sample_loss at step 800: 0.669046
2020-05-26 00:53:32 INFO     Training average loss at step 800: 0.763783
2020-05-26 00:53:34 INFO     Training average positive_sample_loss at step 900: 0.805871
2020-05-26 00:53:34 INFO     Training average negative_sample_loss at step 900: 0.699536
2020-05-26 00:53:34 INFO     Training average loss at step 900: 0.752703
2020-05-26 00:53:37 INFO     Training average positive_sample_loss at step 1000: 0.775899
2020-05-26 00:53:37 INFO     Training average negative_sample_loss at step 1000: 0.720973
2020-05-26 00:53:37 INFO     Training average loss at step 1000: 0.748436
2020-05-26 00:53:39 INFO     Training average positive_sample_loss at step 1100: 0.746595
2020-05-26 00:53:39 INFO     Training average negative_sample_loss at step 1100: 0.733292
2020-05-26 00:53:39 INFO     Training average loss at step 1100: 0.739943
2020-05-26 00:53:41 INFO     Training average positive_sample_loss at step 1200: 0.732115
2020-05-26 00:53:41 INFO     Training average negative_sample_loss at step 1200: 0.738767
2020-05-26 00:53:41 INFO     Training average loss at step 1200: 0.735441
2020-05-26 00:53:43 INFO     Training average positive_sample_loss at step 1300: 0.720558
2020-05-26 00:53:43 INFO     Training average negative_sample_loss at step 1300: 0.741890
2020-05-26 00:53:43 INFO     Training average loss at step 1300: 0.731224
2020-05-26 00:53:45 INFO     Training average positive_sample_loss at step 1400: 0.709607
2020-05-26 00:53:45 INFO     Training average negative_sample_loss at step 1400: 0.742399
2020-05-26 00:53:45 INFO     Training average loss at step 1400: 0.726003
2020-05-26 00:53:48 INFO     Training average positive_sample_loss at step 1500: 0.701334
2020-05-26 00:53:48 INFO     Training average negative_sample_loss at step 1500: 0.742046
2020-05-26 00:53:48 INFO     Training average loss at step 1500: 0.721690
2020-05-26 00:53:50 INFO     Training average positive_sample_loss at step 1600: 0.690603
2020-05-26 00:53:50 INFO     Training average negative_sample_loss at step 1600: 0.736355
2020-05-26 00:53:50 INFO     Training average loss at step 1600: 0.713479
2020-05-26 00:53:53 INFO     Training average positive_sample_loss at step 1700: 0.692043
2020-05-26 00:53:53 INFO     Training average negative_sample_loss at step 1700: 0.734032
2020-05-26 00:53:53 INFO     Training average loss at step 1700: 0.713038
2020-05-26 00:53:55 INFO     Training average positive_sample_loss at step 1800: 0.686060
2020-05-26 00:53:55 INFO     Training average negative_sample_loss at step 1800: 0.730342
2020-05-26 00:53:55 INFO     Training average loss at step 1800: 0.708201
2020-05-26 00:53:57 INFO     Training average positive_sample_loss at step 1900: 0.679235
2020-05-26 00:53:57 INFO     Training average negative_sample_loss at step 1900: 0.724240
2020-05-26 00:53:57 INFO     Training average loss at step 1900: 0.701737
2020-05-26 00:54:00 INFO     Training average positive_sample_loss at step 2000: 0.672674
2020-05-26 00:54:00 INFO     Training average negative_sample_loss at step 2000: 0.718948
2020-05-26 00:54:00 INFO     Training average loss at step 2000: 0.695811
2020-05-26 00:54:02 INFO     Training average positive_sample_loss at step 2100: 0.671807
2020-05-26 00:54:02 INFO     Training average negative_sample_loss at step 2100: 0.713250
2020-05-26 00:54:02 INFO     Training average loss at step 2100: 0.692528
2020-05-26 00:54:04 INFO     Training average positive_sample_loss at step 2200: 0.670657
2020-05-26 00:54:04 INFO     Training average negative_sample_loss at step 2200: 0.708383
2020-05-26 00:54:04 INFO     Training average loss at step 2200: 0.689520
2020-05-26 00:54:07 INFO     Training average positive_sample_loss at step 2300: 0.667852
2020-05-26 00:54:07 INFO     Training average negative_sample_loss at step 2300: 0.704690
2020-05-26 00:54:07 INFO     Training average loss at step 2300: 0.686271
2020-05-26 00:54:09 INFO     Training average positive_sample_loss at step 2400: 0.657502
2020-05-26 00:54:09 INFO     Training average negative_sample_loss at step 2400: 0.699379
2020-05-26 00:54:09 INFO     Training average loss at step 2400: 0.678440
2020-05-26 00:54:12 INFO     Training average positive_sample_loss at step 2500: 0.656852
2020-05-26 00:54:12 INFO     Training average negative_sample_loss at step 2500: 0.694273
2020-05-26 00:54:12 INFO     Training average loss at step 2500: 0.675562
2020-05-26 00:54:14 INFO     Training average positive_sample_loss at step 2600: 0.658302
2020-05-26 00:54:14 INFO     Training average negative_sample_loss at step 2600: 0.689074
2020-05-26 00:54:14 INFO     Training average loss at step 2600: 0.673688
2020-05-26 00:54:16 INFO     Training average positive_sample_loss at step 2700: 0.652572
2020-05-26 00:54:16 INFO     Training average negative_sample_loss at step 2700: 0.684545
2020-05-26 00:54:16 INFO     Training average loss at step 2700: 0.668558
2020-05-26 00:54:19 INFO     Training average positive_sample_loss at step 2800: 0.642069
2020-05-26 00:54:19 INFO     Training average negative_sample_loss at step 2800: 0.678964
2020-05-26 00:54:19 INFO     Training average loss at step 2800: 0.660517
2020-05-26 00:54:21 INFO     Training average positive_sample_loss at step 2900: 0.644014
2020-05-26 00:54:21 INFO     Training average negative_sample_loss at step 2900: 0.675362
2020-05-26 00:54:21 INFO     Training average loss at step 2900: 0.659688
2020-05-26 00:54:24 INFO     Training average positive_sample_loss at step 3000: 0.632798
2020-05-26 00:54:24 INFO     Training average negative_sample_loss at step 3000: 0.669396
2020-05-26 00:54:24 INFO     Training average loss at step 3000: 0.651097
2020-05-26 00:54:27 INFO     Training average positive_sample_loss at step 3100: 0.639437
2020-05-26 00:54:27 INFO     Training average negative_sample_loss at step 3100: 0.664226
2020-05-26 00:54:27 INFO     Training average loss at step 3100: 0.651831
2020-05-26 00:54:29 INFO     Training average positive_sample_loss at step 3200: 0.628957
2020-05-26 00:54:29 INFO     Training average negative_sample_loss at step 3200: 0.659274
2020-05-26 00:54:29 INFO     Training average loss at step 3200: 0.644116
2020-05-26 00:54:31 INFO     Training average positive_sample_loss at step 3300: 0.630423
2020-05-26 00:54:31 INFO     Training average negative_sample_loss at step 3300: 0.655021
2020-05-26 00:54:31 INFO     Training average loss at step 3300: 0.642722
2020-05-26 00:54:34 INFO     Training average positive_sample_loss at step 3400: 0.625954
2020-05-26 00:54:34 INFO     Training average negative_sample_loss at step 3400: 0.651101
2020-05-26 00:54:34 INFO     Training average loss at step 3400: 0.638527
2020-05-26 00:54:37 INFO     Training average positive_sample_loss at step 3500: 0.620049
2020-05-26 00:54:37 INFO     Training average negative_sample_loss at step 3500: 0.647121
2020-05-26 00:54:37 INFO     Training average loss at step 3500: 0.633585
2020-05-26 00:54:39 INFO     Training average positive_sample_loss at step 3600: 0.618415
2020-05-26 00:54:39 INFO     Training average negative_sample_loss at step 3600: 0.641611
2020-05-26 00:54:39 INFO     Training average loss at step 3600: 0.630013
2020-05-26 00:54:42 INFO     Training average positive_sample_loss at step 3700: 0.614366
2020-05-26 00:54:42 INFO     Training average negative_sample_loss at step 3700: 0.637626
2020-05-26 00:54:42 INFO     Training average loss at step 3700: 0.625996
2020-05-26 00:54:45 INFO     Training average positive_sample_loss at step 3800: 0.609808
2020-05-26 00:54:45 INFO     Training average negative_sample_loss at step 3800: 0.631506
2020-05-26 00:54:45 INFO     Training average loss at step 3800: 0.620657
2020-05-26 00:54:47 INFO     Training average positive_sample_loss at step 3900: 0.604822
2020-05-26 00:54:47 INFO     Training average negative_sample_loss at step 3900: 0.626545
2020-05-26 00:54:47 INFO     Training average loss at step 3900: 0.615683
2020-05-26 00:54:49 INFO     Training average positive_sample_loss at step 4000: 0.605738
2020-05-26 00:54:49 INFO     Training average negative_sample_loss at step 4000: 0.623098
2020-05-26 00:54:49 INFO     Training average loss at step 4000: 0.614418
2020-05-26 00:54:51 INFO     Training average positive_sample_loss at step 4100: 0.600008
2020-05-26 00:54:51 INFO     Training average negative_sample_loss at step 4100: 0.618161
2020-05-26 00:54:51 INFO     Training average loss at step 4100: 0.609085
2020-05-26 00:54:54 INFO     Training average positive_sample_loss at step 4200: 0.598880
2020-05-26 00:54:54 INFO     Training average negative_sample_loss at step 4200: 0.614395
2020-05-26 00:54:54 INFO     Training average loss at step 4200: 0.606638
2020-05-26 00:54:56 INFO     Training average positive_sample_loss at step 4300: 0.595129
2020-05-26 00:54:56 INFO     Training average negative_sample_loss at step 4300: 0.611098
2020-05-26 00:54:56 INFO     Training average loss at step 4300: 0.603114
2020-05-26 00:54:59 INFO     Training average positive_sample_loss at step 4400: 0.593455
2020-05-26 00:54:59 INFO     Training average negative_sample_loss at step 4400: 0.607384
2020-05-26 00:54:59 INFO     Training average loss at step 4400: 0.600419
2020-05-26 00:55:01 INFO     Training average positive_sample_loss at step 4500: 0.591417
2020-05-26 00:55:01 INFO     Training average negative_sample_loss at step 4500: 0.602994
2020-05-26 00:55:01 INFO     Training average loss at step 4500: 0.597206
2020-05-26 00:55:04 INFO     Training average positive_sample_loss at step 4600: 0.582314
2020-05-26 00:55:04 INFO     Training average negative_sample_loss at step 4600: 0.598602
2020-05-26 00:55:04 INFO     Training average loss at step 4600: 0.590458
2020-05-26 00:55:06 INFO     Training average positive_sample_loss at step 4700: 0.584437
2020-05-26 00:55:06 INFO     Training average negative_sample_loss at step 4700: 0.593618
2020-05-26 00:55:06 INFO     Training average loss at step 4700: 0.589028
2020-05-26 00:55:09 INFO     Training average positive_sample_loss at step 4800: 0.577592
2020-05-26 00:55:09 INFO     Training average negative_sample_loss at step 4800: 0.590451
2020-05-26 00:55:09 INFO     Training average loss at step 4800: 0.584021
2020-05-26 00:55:11 INFO     Training average positive_sample_loss at step 4900: 0.576851
2020-05-26 00:55:11 INFO     Training average negative_sample_loss at step 4900: 0.587312
2020-05-26 00:55:11 INFO     Training average loss at step 4900: 0.582081
2020-05-26 00:55:14 INFO     Change learning_rate to 0.000010 at step 5000
2020-05-26 00:55:14 INFO     Training average positive_sample_loss at step 5000: 0.574925
2020-05-26 00:55:14 INFO     Training average negative_sample_loss at step 5000: 0.582907
2020-05-26 00:55:14 INFO     Training average loss at step 5000: 0.578916
2020-05-26 00:55:16 INFO     Training average positive_sample_loss at step 5100: 0.566685
2020-05-26 00:55:16 INFO     Training average negative_sample_loss at step 5100: 0.581443
2020-05-26 00:55:16 INFO     Training average loss at step 5100: 0.574064
2020-05-26 00:55:18 INFO     Training average positive_sample_loss at step 5200: 0.569829
2020-05-26 00:55:18 INFO     Training average negative_sample_loss at step 5200: 0.580179
2020-05-26 00:55:18 INFO     Training average loss at step 5200: 0.575004
2020-05-26 00:55:20 INFO     Training average positive_sample_loss at step 5300: 0.570816
2020-05-26 00:55:20 INFO     Training average negative_sample_loss at step 5300: 0.579110
2020-05-26 00:55:20 INFO     Training average loss at step 5300: 0.574963
2020-05-26 00:55:23 INFO     Training average positive_sample_loss at step 5400: 0.571127
2020-05-26 00:55:23 INFO     Training average negative_sample_loss at step 5400: 0.578920
2020-05-26 00:55:23 INFO     Training average loss at step 5400: 0.575024
2020-05-26 00:55:25 INFO     Training average positive_sample_loss at step 5500: 0.568633
2020-05-26 00:55:25 INFO     Training average negative_sample_loss at step 5500: 0.578017
2020-05-26 00:55:25 INFO     Training average loss at step 5500: 0.573325
2020-05-26 00:55:28 INFO     Training average positive_sample_loss at step 5600: 0.568463
2020-05-26 00:55:28 INFO     Training average negative_sample_loss at step 5600: 0.578563
2020-05-26 00:55:28 INFO     Training average loss at step 5600: 0.573513
2020-05-26 00:55:30 INFO     Training average positive_sample_loss at step 5700: 0.566538
2020-05-26 00:55:30 INFO     Training average negative_sample_loss at step 5700: 0.576853
2020-05-26 00:55:30 INFO     Training average loss at step 5700: 0.571695
2020-05-26 00:55:33 INFO     Training average positive_sample_loss at step 5800: 0.571786
2020-05-26 00:55:33 INFO     Training average negative_sample_loss at step 5800: 0.576411
2020-05-26 00:55:33 INFO     Training average loss at step 5800: 0.574098
2020-05-26 00:55:35 INFO     Training average positive_sample_loss at step 5900: 0.569198
2020-05-26 00:55:35 INFO     Training average negative_sample_loss at step 5900: 0.576459
2020-05-26 00:55:35 INFO     Training average loss at step 5900: 0.572829
2020-05-26 00:55:38 INFO     Training average positive_sample_loss at step 6000: 0.569976
2020-05-26 00:55:38 INFO     Training average negative_sample_loss at step 6000: 0.575931
2020-05-26 00:55:38 INFO     Training average loss at step 6000: 0.572953
2020-05-26 00:55:40 INFO     Training average positive_sample_loss at step 6100: 0.564099
2020-05-26 00:55:40 INFO     Training average negative_sample_loss at step 6100: 0.575585
2020-05-26 00:55:40 INFO     Training average loss at step 6100: 0.569842
2020-05-26 00:55:43 INFO     Training average positive_sample_loss at step 6200: 0.563951
2020-05-26 00:55:43 INFO     Training average negative_sample_loss at step 6200: 0.575024
2020-05-26 00:55:43 INFO     Training average loss at step 6200: 0.569488
2020-05-26 00:55:45 INFO     Training average positive_sample_loss at step 6300: 0.565149
2020-05-26 00:55:45 INFO     Training average negative_sample_loss at step 6300: 0.575023
2020-05-26 00:55:45 INFO     Training average loss at step 6300: 0.570086
2020-05-26 00:55:47 INFO     Training average positive_sample_loss at step 6400: 0.566063
2020-05-26 00:55:47 INFO     Training average negative_sample_loss at step 6400: 0.573852
2020-05-26 00:55:47 INFO     Training average loss at step 6400: 0.569957
2020-05-26 00:55:50 INFO     Training average positive_sample_loss at step 6500: 0.568144
2020-05-26 00:55:50 INFO     Training average negative_sample_loss at step 6500: 0.572825
2020-05-26 00:55:50 INFO     Training average loss at step 6500: 0.570485
2020-05-26 00:55:52 INFO     Training average positive_sample_loss at step 6600: 0.567036
2020-05-26 00:55:52 INFO     Training average negative_sample_loss at step 6600: 0.573837
2020-05-26 00:55:52 INFO     Training average loss at step 6600: 0.570437
2020-05-26 00:55:54 INFO     Training average positive_sample_loss at step 6700: 0.568166
2020-05-26 00:55:54 INFO     Training average negative_sample_loss at step 6700: 0.572362
2020-05-26 00:55:54 INFO     Training average loss at step 6700: 0.570264
2020-05-26 00:55:57 INFO     Training average positive_sample_loss at step 6800: 0.568396
2020-05-26 00:55:57 INFO     Training average negative_sample_loss at step 6800: 0.572224
2020-05-26 00:55:57 INFO     Training average loss at step 6800: 0.570310
2020-05-26 00:55:59 INFO     Training average positive_sample_loss at step 6900: 0.562053
2020-05-26 00:55:59 INFO     Training average negative_sample_loss at step 6900: 0.572996
2020-05-26 00:55:59 INFO     Training average loss at step 6900: 0.567525
2020-05-26 00:56:02 INFO     Training average positive_sample_loss at step 7000: 0.563012
2020-05-26 00:56:02 INFO     Training average negative_sample_loss at step 7000: 0.572163
2020-05-26 00:56:02 INFO     Training average loss at step 7000: 0.567587
2020-05-26 00:56:04 INFO     Training average positive_sample_loss at step 7100: 0.567930
2020-05-26 00:56:04 INFO     Training average negative_sample_loss at step 7100: 0.570778
2020-05-26 00:56:04 INFO     Training average loss at step 7100: 0.569354
2020-05-26 00:56:06 INFO     Training average positive_sample_loss at step 7200: 0.560459
2020-05-26 00:56:06 INFO     Training average negative_sample_loss at step 7200: 0.570948
2020-05-26 00:56:06 INFO     Training average loss at step 7200: 0.565703
2020-05-26 00:56:09 INFO     Training average positive_sample_loss at step 7300: 0.564399
2020-05-26 00:56:09 INFO     Training average negative_sample_loss at step 7300: 0.570330
2020-05-26 00:56:09 INFO     Training average loss at step 7300: 0.567365
2020-05-26 00:56:11 INFO     Training average positive_sample_loss at step 7400: 0.565144
2020-05-26 00:56:11 INFO     Training average negative_sample_loss at step 7400: 0.569236
2020-05-26 00:56:11 INFO     Training average loss at step 7400: 0.567190
2020-05-26 00:56:14 INFO     Training average positive_sample_loss at step 7500: 0.562149
2020-05-26 00:56:14 INFO     Training average negative_sample_loss at step 7500: 0.570231
2020-05-26 00:56:14 INFO     Training average loss at step 7500: 0.566190
2020-05-26 00:56:16 INFO     Training average positive_sample_loss at step 7600: 0.565580
2020-05-26 00:56:16 INFO     Training average negative_sample_loss at step 7600: 0.570310
2020-05-26 00:56:16 INFO     Training average loss at step 7600: 0.567945
2020-05-26 00:56:19 INFO     Training average positive_sample_loss at step 7700: 0.561695
2020-05-26 00:56:19 INFO     Training average negative_sample_loss at step 7700: 0.569210
2020-05-26 00:56:19 INFO     Training average loss at step 7700: 0.565452
2020-05-26 00:56:21 INFO     Training average positive_sample_loss at step 7800: 0.561853
2020-05-26 00:56:21 INFO     Training average negative_sample_loss at step 7800: 0.569211
2020-05-26 00:56:21 INFO     Training average loss at step 7800: 0.565532
2020-05-26 00:56:23 INFO     Training average positive_sample_loss at step 7900: 0.560038
2020-05-26 00:56:23 INFO     Training average negative_sample_loss at step 7900: 0.568523
2020-05-26 00:56:23 INFO     Training average loss at step 7900: 0.564280
2020-05-26 00:56:25 INFO     Training average positive_sample_loss at step 8000: 0.559585
2020-05-26 00:56:25 INFO     Training average negative_sample_loss at step 8000: 0.567806
2020-05-26 00:56:25 INFO     Training average loss at step 8000: 0.563695
2020-05-26 00:56:28 INFO     Training average positive_sample_loss at step 8100: 0.559152
2020-05-26 00:56:28 INFO     Training average negative_sample_loss at step 8100: 0.565818
2020-05-26 00:56:28 INFO     Training average loss at step 8100: 0.562485
2020-05-26 00:56:30 INFO     Training average positive_sample_loss at step 8200: 0.564609
2020-05-26 00:56:30 INFO     Training average negative_sample_loss at step 8200: 0.567230
2020-05-26 00:56:30 INFO     Training average loss at step 8200: 0.565920
2020-05-26 00:56:32 INFO     Training average positive_sample_loss at step 8300: 0.561820
2020-05-26 00:56:32 INFO     Training average negative_sample_loss at step 8300: 0.566347
2020-05-26 00:56:32 INFO     Training average loss at step 8300: 0.564083
2020-05-26 00:56:35 INFO     Training average positive_sample_loss at step 8400: 0.562783
2020-05-26 00:56:35 INFO     Training average negative_sample_loss at step 8400: 0.566034
2020-05-26 00:56:35 INFO     Training average loss at step 8400: 0.564409
2020-05-26 00:56:37 INFO     Training average positive_sample_loss at step 8500: 0.559206
2020-05-26 00:56:37 INFO     Training average negative_sample_loss at step 8500: 0.565130
2020-05-26 00:56:37 INFO     Training average loss at step 8500: 0.562168
2020-05-26 00:56:40 INFO     Training average positive_sample_loss at step 8600: 0.558962
2020-05-26 00:56:40 INFO     Training average negative_sample_loss at step 8600: 0.565790
2020-05-26 00:56:40 INFO     Training average loss at step 8600: 0.562376
2020-05-26 00:56:42 INFO     Training average positive_sample_loss at step 8700: 0.558530
2020-05-26 00:56:42 INFO     Training average negative_sample_loss at step 8700: 0.565018
2020-05-26 00:56:42 INFO     Training average loss at step 8700: 0.561774
2020-05-26 00:56:44 INFO     Training average positive_sample_loss at step 8800: 0.556489
2020-05-26 00:56:44 INFO     Training average negative_sample_loss at step 8800: 0.565448
2020-05-26 00:56:44 INFO     Training average loss at step 8800: 0.560969
2020-05-26 00:56:47 INFO     Training average positive_sample_loss at step 8900: 0.556811
2020-05-26 00:56:47 INFO     Training average negative_sample_loss at step 8900: 0.564579
2020-05-26 00:56:47 INFO     Training average loss at step 8900: 0.560695
2020-05-26 00:56:49 INFO     Training average positive_sample_loss at step 9000: 0.555601
2020-05-26 00:56:49 INFO     Training average negative_sample_loss at step 9000: 0.563579
2020-05-26 00:56:49 INFO     Training average loss at step 9000: 0.559590
2020-05-26 00:56:51 INFO     Training average positive_sample_loss at step 9100: 0.555584
2020-05-26 00:56:51 INFO     Training average negative_sample_loss at step 9100: 0.562733
2020-05-26 00:56:51 INFO     Training average loss at step 9100: 0.559158
2020-05-26 00:56:54 INFO     Training average positive_sample_loss at step 9200: 0.557240
2020-05-26 00:56:54 INFO     Training average negative_sample_loss at step 9200: 0.562154
2020-05-26 00:56:54 INFO     Training average loss at step 9200: 0.559697
2020-05-26 00:56:56 INFO     Training average positive_sample_loss at step 9300: 0.558504
2020-05-26 00:56:56 INFO     Training average negative_sample_loss at step 9300: 0.562821
2020-05-26 00:56:56 INFO     Training average loss at step 9300: 0.560662
2020-05-26 00:56:59 INFO     Training average positive_sample_loss at step 9400: 0.552259
2020-05-26 00:56:59 INFO     Training average negative_sample_loss at step 9400: 0.562365
2020-05-26 00:56:59 INFO     Training average loss at step 9400: 0.557312
2020-05-26 00:57:01 INFO     Training average positive_sample_loss at step 9500: 0.556766
2020-05-26 00:57:01 INFO     Training average negative_sample_loss at step 9500: 0.560581
2020-05-26 00:57:01 INFO     Training average loss at step 9500: 0.558674
2020-05-26 00:57:03 INFO     Training average positive_sample_loss at step 9600: 0.554474
2020-05-26 00:57:03 INFO     Training average negative_sample_loss at step 9600: 0.560924
2020-05-26 00:57:03 INFO     Training average loss at step 9600: 0.557699
2020-05-26 00:57:06 INFO     Training average positive_sample_loss at step 9700: 0.556882
2020-05-26 00:57:06 INFO     Training average negative_sample_loss at step 9700: 0.560789
2020-05-26 00:57:06 INFO     Training average loss at step 9700: 0.558835
2020-05-26 00:57:08 INFO     Training average positive_sample_loss at step 9800: 0.555291
2020-05-26 00:57:08 INFO     Training average negative_sample_loss at step 9800: 0.560966
2020-05-26 00:57:08 INFO     Training average loss at step 9800: 0.558129
2020-05-26 00:57:10 INFO     Training average positive_sample_loss at step 9900: 0.556871
2020-05-26 00:57:10 INFO     Training average negative_sample_loss at step 9900: 0.560489
2020-05-26 00:57:10 INFO     Training average loss at step 9900: 0.558680
2020-05-26 00:57:13 INFO     Evaluating on Valid Dataset...
2020-05-26 00:57:13 INFO     Evaluating the model... (0/268)
2020-05-26 00:57:15 INFO     Valid MRR at step 9999: 0.061477
2020-05-26 00:57:15 INFO     Valid MR at step 9999: 45.169162
2020-05-26 00:57:15 INFO     Valid HITS@1 at step 9999: 0.014038
2020-05-26 00:57:15 INFO     Valid HITS@3 at step 9999: 0.038138
2020-05-26 00:57:15 INFO     Valid HITS@10 at step 9999: 0.121900
2020-05-26 00:57:15 INFO     Evaluating on Test Dataset...
2020-05-26 00:57:15 INFO     Evaluating the model... (0/668)
2020-05-26 00:57:18 INFO     Test MRR at step 9999: 0.058540
2020-05-26 00:57:18 INFO     Test MR at step 9999: 45.890417
2020-05-26 00:57:18 INFO     Test HITS@1 at step 9999: 0.010949
2020-05-26 00:57:18 INFO     Test HITS@3 at step 9999: 0.038274
2020-05-26 00:57:18 INFO     Test HITS@10 at step 9999: 0.118379
